Using pre-set license
Desktop is 1920 x 1080 @ 60 Hz

 COMMAND LINE ARGUMENTS:
Unity
-adb2
-batchMode
-noUpm
-name
AssetImportWorker0
-projectPath
/home/phong-tran/Unity Project/TxChildrenHostitalHackathon
-logFile
Logs/AssetImportWorker0.log
-srvPort
44955
Successfully changed project path to: /home/phong-tran/Unity Project/TxChildrenHostitalHackathon
/home/phong-tran/Unity Project/TxChildrenHostitalHackathon
Using Asset Import Pipeline V2.
Refreshing native plugins compatible for Editor in 29.74 ms, found 0 plugins.
Preloading 0 native plugins for Editor in 0.00 ms.
Initialize engine version: 2020.3.8f1 (507919d4fff5)
[Subsystems] Discovering subsystems at path /home/phong-tran/Unity Project/2020.3.8f1/Editor/Data/Resources/UnitySubsystems
[Subsystems] Discovering subsystems at path /home/phong-tran/Unity Project/TxChildrenHostitalHackathon/Assets
GLX Extensions: GLX_ARB_create_context GLX_ARB_create_context_no_error GLX_ARB_create_context_profile GLX_ARB_create_context_robustness GLX_ARB_fbconfig_float GLX_ARB_framebuffer_sRGB GLX_ARB_get_proc_address GLX_ARB_multisample GLX_EXT_buffer_age GLX_EXT_create_context_es2_profile GLX_EXT_create_context_es_profile GLX_EXT_fbconfig_packed_float GLX_EXT_framebuffer_sRGB GLX_EXT_import_context GLX_EXT_texture_from_pixmap GLX_EXT_visual_info GLX_EXT_visual_rating GLX_INTEL_swap_event GLX_MESA_copy_sub_buffer GLX_MESA_query_renderer GLX_MESA_swap_control GLX_OML_swap_method GLX_OML_sync_control GLX_SGIS_multisample GLX_SGIX_fbconfig GLX_SGIX_pbuffer GLX_SGIX_visual_select_group GLX_SGI_make_current_read GLX_SGI_swap_control GLX_SGI_video_sync 
Renderer: Mesa Intel(R) UHD Graphics 620 (KBL GT2)
Vendor:   Intel
Version:  4.6 (Core Profile) Mesa 20.2.6
GLES:     0
 GL_3DFX_texture_compression_FXT1 GL_AMD_conservative_depth GL_AMD_depth_clamp_separate GL_AMD_draw_buffers_blend GL_AMD_gpu_shader_int64 GL_AMD_multi_draw_indirect GL_AMD_performance_monitor GL_AMD_pinned_memory GL_AMD_query_buffer_object GL_AMD_seamless_cubemap_per_texture GL_AMD_shader_stencil_export GL_AMD_shader_trinary_minmax GL_AMD_texture_texture4 GL_AMD_vertex_shader_layer GL_AMD_vertex_shader_viewport_index GL_ANGLE_texture_compression_dxt3 GL_ANGLE_texture_compression_dxt5 GL_ARB_ES2_compatibility GL_ARB_ES3_1_compatibility GL_ARB_ES3_2_compatibility GL_ARB_ES3_compatibility GL_ARB_arrays_of_arrays GL_ARB_base_instance GL_ARB_blend_func_extended GL_ARB_buffer_storage GL_ARB_clear_buffer_object GL_ARB_clear_texture GL_ARB_clip_control GL_ARB_compressed_texture_pixel_storage GL_ARB_compute_shader GL_ARB_compute_variable_group_size GL_ARB_conditional_render_inverted GL_ARB_conservative_depth GL_ARB_copy_buffer GL_ARB_copy_image GL_ARB_cull_distance GL_ARB_debug_output GL_ARB_depth_buffer_float GL_ARB
_depth_clamp GL_ARB_derivative_control GL_ARB_direct_state_access GL_ARB_draw_buffers GL_ARB_draw_buffers_blend GL_ARB_draw_elements_base_vertex GL_ARB_draw_indirect GL_ARB_draw_instanced GL_ARB_enhanced_layouts GL_ARB_explicit_attrib_location GL_ARB_explicit_uniform_location GL_ARB_fragment_coord_conventions GL_ARB_fragment_layer_viewport GL_ARB_fragment_shader GL_ARB_fragment_shader_interlock GL_ARB_framebuffer_no_attachments GL_ARB_framebuffer_object GL_ARB_framebuffer_sRGB GL_ARB_get_program_binary GL_ARB_get_texture_sub_image GL_ARB_gl_spirv GL_ARB_gpu_shader5 GL_ARB_gpu_shader_fp64 GL_ARB_gpu_shader_int64 GL_ARB_half_float_pixel GL_ARB_half_float_vertex GL_ARB_indirect_parameters GL_ARB_instanced_arrays GL_ARB_internalformat_query GL_ARB_internalformat_query2 GL_ARB_invalidate_subdata GL_ARB_map_buffer_alignment GL_ARB_map_buffer_range GL_ARB_multi_bind GL_ARB_multi_draw_indirect GL_ARB_occlusion_query2 GL_ARB_parallel_shader_compile GL_ARB_pipeline_statistics_query GL_ARB_pixel_buffer_object GL_ARB_po
int_sprite GL_ARB_polygon_offset_clamp GL_ARB_post_depth_coverage GL_ARB_program_interface_query GL_ARB_provoking_vertex GL_ARB_query_buffer_object GL_ARB_robust_buffer_access_behavior GL_ARB_robustness GL_ARB_sample_shading GL_ARB_sampler_objects GL_ARB_seamless_cube_map GL_ARB_seamless_cubemap_per_texture GL_ARB_separate_shader_objects GL_ARB_shader_atomic_counter_ops GL_ARB_shader_atomic_counters GL_ARB_shader_ballot GL_ARB_shader_bit_encoding GL_ARB_shader_clock GL_ARB_shader_draw_parameters GL_ARB_shader_group_vote GL_ARB_shader_image_load_store GL_ARB_shader_image_size GL_ARB_shader_objects GL_ARB_shader_precision GL_ARB_shader_stencil_export GL_ARB_shader_storage_buffer_object GL_ARB_shader_subroutine GL_ARB_shader_texture_image_samples GL_ARB_shader_texture_lod GL_ARB_shader_viewport_layer_array GL_ARB_shading_language_420pack GL_ARB_shading_language_include GL_ARB_shading_language_packing GL_ARB_spirv_extensions GL_ARB_stencil_texturing GL_ARB_sync GL_ARB_tessellation_shader GL_ARB_texture_barrier G
L_ARB_texture_buffer_object GL_ARB_texture_buffer_object_rgb32 GL_ARB_texture_buffer_range GL_ARB_texture_compression_bptc GL_ARB_texture_compression_rgtc GL_ARB_texture_cube_map_array GL_ARB_texture_filter_anisotropic GL_ARB_texture_float GL_ARB_texture_gather GL_ARB_texture_mirror_clamp_to_edge GL_ARB_texture_multisample GL_ARB_texture_non_power_of_two GL_ARB_texture_query_levels GL_ARB_texture_query_lod GL_ARB_texture_rectangle GL_ARB_texture_rg GL_ARB_texture_rgb10_a2ui GL_ARB_texture_stencil8 GL_ARB_texture_storage GL_ARB_texture_storage_multisample GL_ARB_texture_swizzle GL_ARB_texture_view GL_ARB_timer_query GL_ARB_transform_feedback2 GL_ARB_transform_feedback3 GL_ARB_transform_feedback_instanced GL_ARB_transform_feedback_overflow_query GL_ARB_uniform_buffer_object GL_ARB_vertex_array_bgra GL_ARB_vertex_array_object GL_ARB_vertex_attrib_64bit GL_ARB_vertex_attrib_binding GL_ARB_vertex_buffer_object GL_ARB_vertex_shader GL_ARB_vertex_type_10f_11f_11f_rev GL_ARB_vertex_type_2_10_10_10_rev GL_ARB_viewpor
t_array GL_ATI_blend_equation_separate GL_ATI_texture_float GL_EXT_EGL_image_storage GL_EXT_EGL_sync GL_EXT_abgr GL_EXT_blend_equation_separate GL_EXT_demote_to_helper_invocation GL_EXT_draw_buffers2 GL_EXT_draw_instanced GL_EXT_framebuffer_blit GL_EXT_framebuffer_multisample GL_EXT_framebuffer_multisample_blit_scaled GL_EXT_framebuffer_object GL_EXT_framebuffer_sRGB GL_EXT_packed_depth_stencil GL_EXT_packed_float GL_EXT_pixel_buffer_object GL_EXT_polygon_offset_clamp GL_EXT_provoking_vertex GL_EXT_shader_framebuffer_fetch GL_EXT_shader_framebuffer_fetch_non_coherent GL_EXT_shader_integer_mix GL_EXT_shader_samples_identical GL_EXT_texture_array GL_EXT_texture_compression_dxt1 GL_EXT_texture_compression_rgtc GL_EXT_texture_compression_s3tc GL_EXT_texture_filter_anisotropic GL_EXT_texture_integer GL_EXT_texture_sRGB GL_EXT_texture_sRGB_R8 GL_EXT_texture_sRGB_decode GL_EXT_texture_shadow_lod GL_EXT_texture_shared_exponent GL_EXT_texture_snorm GL_EXT_texture_swizzle GL_EXT_timer_query GL_EXT_transform_feedback G
L_EXT_vertex_array_bgra GL_EXT_vertex_attrib_64bit GL_IBM_multimode_draw_arrays GL_INTEL_blackhole_render GL_INTEL_conservative_rasterization GL_INTEL_performance_query GL_INTEL_shader_atomic_float_minmax GL_INTEL_shader_integer_functions2 GL_KHR_blend_equation_advanced GL_KHR_blend_equation_advanced_coherent GL_KHR_context_flush_control GL_KHR_debug GL_KHR_no_error GL_KHR_parallel_shader_compile GL_KHR_robust_buffer_access_behavior GL_KHR_robustness GL_KHR_texture_compression_astc_ldr GL_KHR_texture_compression_astc_sliced_3d GL_MESA_framebuffer_flip_y GL_MESA_pack_invert GL_MESA_shader_integer_functions GL_MESA_texture_signed_rgba GL_NV_compute_shader_derivatives GL_NV_conditional_render GL_NV_copy_image GL_NV_depth_clamp GL_NV_fragment_shader_interlock GL_NV_packed_depth_stencil GL_NV_texture_barrier GL_OES_EGL_image GL_S3_s3tc
OPENGL LOG: Creating OpenGL 4.6 graphics device ; Context level  <OpenGL 4.5> ; Context handle 1033117424
Initialize mono
Mono path[0] = '/home/phong-tran/Unity Project/2020.3.8f1/Editor/Data/Managed'
Mono path[1] = '/home/phong-tran/Unity Project/2020.3.8f1/Editor/Data/MonoBleedingEdge/lib/mono/unityjit'
Mono config path = '/home/phong-tran/Unity Project/2020.3.8f1/Editor/Data/MonoBleedingEdge/etc'
Using monoOptions --debugger-agent=transport=dt_socket,embedding=1,server=y,suspend=n,address=127.0.0.1:56903
Begin MonoManager ReloadAssembly
Registering precompiled unity dll's ...
Trying to register platform support module: /home/phong-tran/Unity Project/2020.3.8f1/Editor/Data/PlaybackEngines/WindowsStandaloneSupport/UnityEditor.WindowsStandalone.Extensions.dll (that doesn't exist). Retrying without overrides.
Platform support module is not available: /home/phong-tran/Unity Project/2020.3.8f1/Editor/Data/PlaybackEngines/WindowsStandaloneSupport/UnityEditor.WindowsStandalone.Extensions.dll
Register platform support module: /home/phong-tran/Unity Project/2020.3.8f1/Editor/Data/PlaybackEngines/LinuxStandaloneSupport/UnityEditor.LinuxStandalone.Extensions.dll
Registered in 0.001321 seconds.
Native extension for LinuxStandalone target not found
Refreshing native plugins compatible for Editor in 21.38 ms, found 0 plugins.
Preloading 0 native plugins for Editor in 0.00 ms.
Mono: successfully reloaded assembly
- Completed reload, in  1.258 seconds
Platform modules already initialized, skipping
Registering precompiled user dll's ...
Registered in 0.000474 seconds.
Begin MonoManager ReloadAssembly
Native extension for LinuxStandalone target not found
Refreshing native plugins compatible for Editor in 0.29 ms, found 0 plugins.
Preloading 0 native plugins for Editor in 0.00 ms.
Mono: successfully reloaded assembly
- Completed reload, in  1.124 seconds
Platform modules already initialized, skipping
========================================================================
Worker process is ready to serve import requests
Launched and connected shader compiler UnityShaderCompiler after 0.04 seconds
Refreshing native plugins compatible for Editor in 0.23 ms, found 0 plugins.
Preloading 0 native plugins for Editor in 0.00 ms.
Unloading 1114 Unused Serialized files (Serialized files now loaded: 0)
System memory in use before: 51.4 MB.
System memory in use after: 51.5 MB.

Unloading 10 unused Assets to reduce memory usage. Loaded Objects now: 1557.
Total: 4.133781 ms (FindLiveObjects: 0.215194 ms CreateObjectMapping: 0.060717 ms MarkObjects: 3.684535 ms  DeleteObjects: 0.171779 ms)

========================================================================
Received Import Request.
  path: Assets/Prefabs/dog.blend
  artifactKey: Guid(e2b305377e5594a5f85829089f21b0f7) Importer(815301076,1909f56bfc062723c751e8b465ee728b)
Start importing Assets/Prefabs/dog.blend using Guid(e2b305377e5594a5f85829089f21b0f7) Importer(815301076,1909f56bfc062723c751e8b465ee728b)  -> (artifact id: 'a6697d447d8cd9ab5f2efcca1da9d339') in 0.695661 seconds
  Import took 0.698350 seconds .

========================================================================
Received Import Request.
  Time since last request: 68.050052 seconds.
  path: Assets/Prefabs/dog.blend
  artifactKey: Guid(e2b305377e5594a5f85829089f21b0f7) Importer(815301076,1909f56bfc062723c751e8b465ee728b)
Start importing Assets/Prefabs/dog.blend using Guid(e2b305377e5594a5f85829089f21b0f7) Importer(815301076,1909f56bfc062723c751e8b465ee728b)  -> (artifact id: 'bd1e0355e8d55636436105bfb9dd745e') in 0.040879 seconds
  Import took 0.043858 seconds .

========================================================================
Received Prepare
Registering precompiled user dll's ...
Registered in 0.000492 seconds.
Begin MonoManager ReloadAssembly
Native extension for LinuxStandalone target not found
Refreshing native plugins compatible for Editor in 0.60 ms, found 0 plugins.
Preloading 0 native plugins for Editor in 0.00 ms.
Mono: successfully reloaded assembly
- Completed reload, in  0.951 seconds
Platform modules already initialized, skipping
Refreshing native plugins compatible for Editor in 0.22 ms, found 0 plugins.
Preloading 0 native plugins for Editor in 0.00 ms.
Unloading 1110 Unused Serialized files (Serialized files now loaded: 0)
System memory in use before: 53.1 MB.
System memory in use after: 53.2 MB.

Unloading 5 unused Assets to reduce memory usage. Loaded Objects now: 1603.
Total: 2.479339 ms (FindLiveObjects: 0.160036 ms CreateObjectMapping: 0.037139 ms MarkObjects: 2.230543 ms  DeleteObjects: 0.049998 ms)

========================================================================
Received Prepare
Registering precompiled user dll's ...
Registered in 0.000510 seconds.
Begin MonoManager ReloadAssembly
Native extension for LinuxStandalone target not found
Refreshing native plugins compatible for Editor in 0.24 ms, found 0 plugins.
Preloading 0 native plugins for Editor in 0.00 ms.
Mono: successfully reloaded assembly
- Completed reload, in  1.164 seconds
Platform modules already initialized, skipping
Refreshing native plugins compatible for Editor in 0.23 ms, found 0 plugins.
Preloading 0 native plugins for Editor in 0.00 ms.
Unloading 1110 Unused Serialized files (Serialized files now loaded: 0)
System memory in use before: 53.2 MB.
System memory in use after: 53.3 MB.

Unloading 5 unused Assets to reduce memory usage. Loaded Objects now: 1606.
Total: 2.961572 ms (FindLiveObjects: 0.177837 ms CreateObjectMapping: 0.047423 ms MarkObjects: 2.673642 ms  DeleteObjects: 0.061346 ms)

========================================================================
Received Prepare
Registering precompiled user dll's ...
Registered in 0.000691 seconds.
Begin MonoManager ReloadAssembly
Native extension for LinuxStandalone target not found
Refreshing native plugins compatible for Editor in 0.23 ms, found 0 plugins.
Preloading 0 native plugins for Editor in 0.00 ms.
Mono: successfully reloaded assembly
- Completed reload, in  0.889 seconds
Platform modules already initialized, skipping
Refreshing native plugins compatible for Editor in 0.19 ms, found 0 plugins.
Preloading 0 native plugins for Editor in 0.00 ms.
Unloading 1110 Unused Serialized files (Serialized files now loaded: 0)
System memory in use before: 53.2 MB.
System memory in use after: 53.3 MB.

Unloading 5 unused Assets to reduce memory usage. Loaded Objects now: 1609.
Total: 2.280103 ms (FindLiveObjects: 0.195028 ms CreateObjectMapping: 0.039771 ms MarkObjects: 1.988357 ms  DeleteObjects: 0.055554 ms)

========================================================================
Received Prepare
Registering precompiled user dll's ...
Registered in 0.000434 seconds.
Begin MonoManager ReloadAssembly
Native extension for LinuxStandalone target not found
Refreshing native plugins compatible for Editor in 0.21 ms, found 0 plugins.
Preloading 0 native plugins for Editor in 0.00 ms.
Mono: successfully reloaded assembly
- Completed reload, in  0.877 seconds
Platform modules already initialized, skipping
Refreshing native plugins compatible for Editor in 0.62 ms, found 0 plugins.
Preloading 0 native plugins for Editor in 0.00 ms.
Unloading 1110 Unused Serialized files (Serialized files now loaded: 0)
System memory in use before: 53.3 MB.
System memory in use after: 53.3 MB.

Unloading 5 unused Assets to reduce memory usage. Loaded Objects now: 1612.
Total: 2.548735 ms (FindLiveObjects: 0.155738 ms CreateObjectMapping: 0.036882 ms MarkObjects: 2.297693 ms  DeleteObjects: 0.057037 ms)

========================================================================
Received Prepare
Registering precompiled user dll's ...
Registered in 0.000537 seconds.
Begin MonoManager ReloadAssembly
Native extension for LinuxStandalone target not found
Refreshing native plugins compatible for Editor in 0.21 ms, found 0 plugins.
Preloading 0 native plugins for Editor in 0.00 ms.
Mono: successfully reloaded assembly
- Completed reload, in  0.752 seconds
Platform modules already initialized, skipping
Refreshing native plugins compatible for Editor in 0.20 ms, found 0 plugins.
Preloading 0 native plugins for Editor in 0.00 ms.
Unloading 1110 Unused Serialized files (Serialized files now loaded: 0)
System memory in use before: 53.3 MB.
System memory in use after: 53.3 MB.

Unloading 5 unused Assets to reduce memory usage. Loaded Objects now: 1615.
Total: 2.362058 ms (FindLiveObjects: 0.153719 ms CreateObjectMapping: 0.034318 ms MarkObjects: 2.125942 ms  DeleteObjects: 0.046890 ms)

========================================================================
Received Import Request.
  Time since last request: 553.276381 seconds.
  path: Assets/scripts
  artifactKey: Guid(24bb39561b8b954d19ccbd2f6c5a8415) Importer(815301076,1909f56bfc062723c751e8b465ee728b)
Start importing Assets/scripts using Guid(24bb39561b8b954d19ccbd2f6c5a8415) Importer(815301076,1909f56bfc062723c751e8b465ee728b)  -> (artifact id: '1de87e49be94c39a19a2f89ea00fbfd3') in 0.003542 seconds
  Import took 0.005719 seconds .

========================================================================
Received Prepare
Registering precompiled user dll's ...
Registered in 0.000785 seconds.
Begin MonoManager ReloadAssembly
Native extension for LinuxStandalone target not found
Refreshing native plugins compatible for Editor in 0.37 ms, found 0 plugins.
Preloading 0 native plugins for Editor in 0.00 ms.
Mono: successfully reloaded assembly
- Completed reload, in  0.992 seconds
Platform modules already initialized, skipping
Refreshing native plugins compatible for Editor in 0.19 ms, found 0 plugins.
Preloading 0 native plugins for Editor in 0.00 ms.
Unloading 1110 Unused Serialized files (Serialized files now loaded: 0)
System memory in use before: 53.3 MB.
System memory in use after: 53.3 MB.

Unloading 5 unused Assets to reduce memory usage. Loaded Objects now: 1618.
Total: 3.143136 ms (FindLiveObjects: 0.163311 ms CreateObjectMapping: 0.033996 ms MarkObjects: 2.888598 ms  DeleteObjects: 0.055512 ms)

========================================================================
Received Import Request.
  Time since last request: 192.617316 seconds.
  path: Assets/Scenes
  artifactKey: Guid(86a7604443dd1796f8f11362dc944d37) Importer(815301076,1909f56bfc062723c751e8b465ee728b)
Start importing Assets/Scenes using Guid(86a7604443dd1796f8f11362dc944d37) Importer(815301076,1909f56bfc062723c751e8b465ee728b)  -> (artifact id: '4d61f57d9fc65c9a7cfb73b137287777') in 0.004028 seconds
  Import took 0.007207 seconds .

========================================================================
Received Import Request.
  Time since last request: 11.699562 seconds.
  path: Assets/scripts/camera follow.cs
  artifactKey: Guid(a1530db46cdb4456e980d0104994969e) Importer(815301076,1909f56bfc062723c751e8b465ee728b)
Start importing Assets/scripts/camera follow.cs using Guid(a1530db46cdb4456e980d0104994969e) Importer(815301076,1909f56bfc062723c751e8b465ee728b)  -> (artifact id: '0317ca5a1e574f47b82fdbcddbdabcf1') in 0.001239 seconds
  Import took 0.003270 seconds .

========================================================================
Received Import Request.
  Time since last request: 0.002019 seconds.
  path: Assets/scripts/camera follow.cs
  artifactKey: Guid(a1530db46cdb4456e980d0104994969e) Importer(815301076,1909f56bfc062723c751e8b465ee728b)
Start importing Assets/scripts/camera follow.cs using Guid(a1530db46cdb4456e980d0104994969e) Importer(815301076,1909f56bfc062723c751e8b465ee728b)  -> (artifact id: '0317ca5a1e574f47b82fdbcddbdabcf1') in 0.001254 seconds
  Import took 0.003338 seconds .

========================================================================
Received Prepare
Registering precompiled user dll's ...
Registered in 0.000383 seconds.
Begin MonoManager ReloadAssembly
Native extension for LinuxStandalone target not found
Refreshing native plugins compatible for Editor in 0.20 ms, found 0 plugins.
Preloading 0 native plugins for Editor in 0.00 ms.
Mono: successfully reloaded assembly
- Completed reload, in  0.778 seconds
Platform modules already initialized, skipping
Refreshing native plugins compatible for Editor in 0.20 ms, found 0 plugins.
Preloading 0 native plugins for Editor in 0.00 ms.
Unloading 1111 Unused Serialized files (Serialized files now loaded: 0)
System memory in use before: 53.3 MB.
System memory in use after: 53.4 MB.

Unloading 5 unused Assets to reduce memory usage. Loaded Objects now: 1622.
Total: 2.210147 ms (FindLiveObjects: 0.150303 ms CreateObjectMapping: 0.033709 ms MarkObjects: 1.977821 ms  DeleteObjects: 0.047179 ms)

========================================================================
Received Prepare
Registering precompiled user dll's ...
Registered in 0.000433 seconds.
Begin MonoManager ReloadAssembly
Native extension for LinuxStandalone target not found
Refreshing native plugins compatible for Editor in 0.24 ms, found 0 plugins.
Preloading 0 native plugins for Editor in 0.00 ms.
Mono: successfully reloaded assembly
- Completed reload, in  0.861 seconds
Platform modules already initialized, skipping
Refreshing native plugins compatible for Editor in 0.20 ms, found 0 plugins.
Preloading 0 native plugins for Editor in 0.00 ms.
Unloading 1111 Unused Serialized files (Serialized files now loaded: 0)
System memory in use before: 53.3 MB.
System memory in use after: 53.4 MB.

Unloading 5 unused Assets to reduce memory usage. Loaded Objects now: 1625.
Total: 2.697549 ms (FindLiveObjects: 0.214791 ms CreateObjectMapping: 0.044935 ms MarkObjects: 2.379122 ms  DeleteObjects: 0.057164 ms)

========================================================================
Received Import Request.
  Time since last request: 264.376623 seconds.
  path: Assets/scripts/camera follow.cs
  artifactKey: Guid(a1530db46cdb4456e980d0104994969e) Importer(815301076,1909f56bfc062723c751e8b465ee728b)
Start importing Assets/scripts/camera follow.cs using Guid(a1530db46cdb4456e980d0104994969e) Importer(815301076,1909f56bfc062723c751e8b465ee728b)  -> (artifact id: '8ab69f99470574615f5395e6f8e6fc81') in 0.002786 seconds
  Import took 0.021387 seconds .

========================================================================
Received Import Request.
  Time since last request: 0.021568 seconds.
  path: Assets/scripts/camera follow.cs
  artifactKey: Guid(a1530db46cdb4456e980d0104994969e) Importer(815301076,1909f56bfc062723c751e8b465ee728b)
Start importing Assets/scripts/camera follow.cs using Guid(a1530db46cdb4456e980d0104994969e) Importer(815301076,1909f56bfc062723c751e8b465ee728b)  -> (artifact id: '8ab69f99470574615f5395e6f8e6fc81') in 0.000654 seconds
  Import took 0.002607 seconds .

========================================================================
Received Import Request.
  Time since last request: 20.990141 seconds.
  path: Assets/scripts/test.cs
  artifactKey: Guid(2c7e136498e5bca0487e0d177bb3472a) Importer(815301076,1909f56bfc062723c751e8b465ee728b)
Start importing Assets/scripts/test.cs using Guid(2c7e136498e5bca0487e0d177bb3472a) Importer(815301076,1909f56bfc062723c751e8b465ee728b)  -> (artifact id: 'ebaa88325b4ba7c557e9039c7999c1e3') in 0.001703 seconds
  Import took 0.004171 seconds .

========================================================================
Received Import Request.
  Time since last request: 0.001119 seconds.
  path: Assets/scripts/test.cs
  artifactKey: Guid(2c7e136498e5bca0487e0d177bb3472a) Importer(815301076,1909f56bfc062723c751e8b465ee728b)
Start importing Assets/scripts/test.cs using Guid(2c7e136498e5bca0487e0d177bb3472a) Importer(815301076,1909f56bfc062723c751e8b465ee728b)  -> (artifact id: 'ebaa88325b4ba7c557e9039c7999c1e3') in 0.001657 seconds
  Import took 0.004154 seconds .

========================================================================
Received Prepare
Registering precompiled user dll's ...
Registered in 0.000406 seconds.
Begin MonoManager ReloadAssembly
Native extension for LinuxStandalone target not found
Refreshing native plugins compatible for Editor in 0.23 ms, found 0 plugins.
Preloading 0 native plugins for Editor in 0.00 ms.
Mono: successfully reloaded assembly
- Completed reload, in  0.797 seconds
Platform modules already initialized, skipping
Refreshing native plugins compatible for Editor in 0.21 ms, found 0 plugins.
Preloading 0 native plugins for Editor in 0.00 ms.
Unloading 1112 Unused Serialized files (Serialized files now loaded: 0)
System memory in use before: 53.3 MB.
System memory in use after: 53.4 MB.

Unloading 5 unused Assets to reduce memory usage. Loaded Objects now: 1629.
Total: 2.248584 ms (FindLiveObjects: 0.156088 ms CreateObjectMapping: 0.035773 ms MarkObjects: 2.008479 ms  DeleteObjects: 0.047214 ms)

========================================================================
Received Prepare
Registering precompiled user dll's ...
Registered in 0.000417 seconds.
Begin MonoManager ReloadAssembly
Native extension for LinuxStandalone target not found
Refreshing native plugins compatible for Editor in 0.21 ms, found 0 plugins.
Preloading 0 native plugins for Editor in 0.00 ms.
Mono: successfully reloaded assembly
- Completed reload, in  0.838 seconds
Platform modules already initialized, skipping
Refreshing native plugins compatible for Editor in 0.23 ms, found 0 plugins.
Preloading 0 native plugins for Editor in 0.00 ms.
Unloading 1112 Unused Serialized files (Serialized files now loaded: 0)
System memory in use before: 53.3 MB.
System memory in use after: 53.4 MB.

Unloading 5 unused Assets to reduce memory usage. Loaded Objects now: 1632.
Total: 2.299516 ms (FindLiveObjects: 0.148426 ms CreateObjectMapping: 0.033545 ms MarkObjects: 2.067256 ms  DeleteObjects: 0.048913 ms)

========================================================================
Received Import Request.
  Time since last request: 151.405782 seconds.
  path: Assets/scripts/camera follow.cs
  artifactKey: Guid(a1530db46cdb4456e980d0104994969e) Importer(815301076,1909f56bfc062723c751e8b465ee728b)
Start importing Assets/scripts/camera follow.cs using Guid(a1530db46cdb4456e980d0104994969e) Importer(815301076,1909f56bfc062723c751e8b465ee728b)  -> (artifact id: '2c0d5c30bca66bb11e33b913cb174ab1') in 0.002553 seconds
  Import took 0.004228 seconds .

========================================================================
Received Prepare
Registering precompiled user dll's ...
Registered in 0.000430 seconds.
Begin MonoManager ReloadAssembly
Native extension for LinuxStandalone target not found
Refreshing native plugins compatible for Editor in 0.23 ms, found 0 plugins.
Preloading 0 native plugins for Editor in 0.00 ms.
Mono: successfully reloaded assembly
- Completed reload, in  0.874 seconds
Platform modules already initialized, skipping
Refreshing native plugins compatible for Editor in 0.35 ms, found 0 plugins.
Preloading 0 native plugins for Editor in 0.00 ms.
Unloading 1110 Unused Serialized files (Serialized files now loaded: 0)
System memory in use before: 53.3 MB.
System memory in use after: 53.4 MB.

Unloading 7 unused Assets to reduce memory usage. Loaded Objects now: 1633.
Total: 2.287458 ms (FindLiveObjects: 0.149556 ms CreateObjectMapping: 0.032888 ms MarkObjects: 2.048588 ms  DeleteObjects: 0.054696 ms)

========================================================================
Received Prepare
Registering precompiled user dll's ...
Registered in 0.000433 seconds.
Begin MonoManager ReloadAssembly
Native extension for LinuxStandalone target not found
Refreshing native plugins compatible for Editor in 0.22 ms, found 0 plugins.
Preloading 0 native plugins for Editor in 0.00 ms.
Mono: successfully reloaded assembly
- Completed reload, in  0.830 seconds
Platform modules already initialized, skipping
Refreshing native plugins compatible for Editor in 0.21 ms, found 0 plugins.
Preloading 0 native plugins for Editor in 0.00 ms.
Unloading 1111 Unused Serialized files (Serialized files now loaded: 0)
System memory in use before: 53.3 MB.
System memory in use after: 53.4 MB.

Unloading 5 unused Assets to reduce memory usage. Loaded Objects now: 1637.
Total: 3.215347 ms (FindLiveObjects: 0.200827 ms CreateObjectMapping: 0.072939 ms MarkObjects: 2.886724 ms  DeleteObjects: 0.053459 ms)

========================================================================
Received Import Request.
  Time since last request: 236.002861 seconds.
  path: Assets/scripts/camera follow.cs
  artifactKey: Guid(a1530db46cdb4456e980d0104994969e) Importer(815301076,1909f56bfc062723c751e8b465ee728b)
Start importing Assets/scripts/camera follow.cs using Guid(a1530db46cdb4456e980d0104994969e) Importer(815301076,1909f56bfc062723c751e8b465ee728b)  -> (artifact id: 'b534760cbd50c167f3cbadd559b2fdac') in 0.003210 seconds
  Import took 0.005979 seconds .

========================================================================
Received Import Request.
  Time since last request: 683.801718 seconds.
  path: Assets/scripts/camera follow.cs
  artifactKey: Guid(a1530db46cdb4456e980d0104994969e) Importer(815301076,1909f56bfc062723c751e8b465ee728b)
Start importing Assets/scripts/camera follow.cs using Guid(a1530db46cdb4456e980d0104994969e) Importer(815301076,1909f56bfc062723c751e8b465ee728b)  -> (artifact id: '22b4ae659c9a416811cca9946a283dea') in 0.002158 seconds
  Import took 0.007905 seconds .

========================================================================
Received Import Request.
  Time since last request: 481.540001 seconds.
  path: Assets/scripts/test.cs
  artifactKey: Guid(2c7e136498e5bca0487e0d177bb3472a) Importer(815301076,1909f56bfc062723c751e8b465ee728b)
Start importing Assets/scripts/test.cs using Guid(2c7e136498e5bca0487e0d177bb3472a) Importer(815301076,1909f56bfc062723c751e8b465ee728b)  -> (artifact id: '5889650532773511016578a574ba6863') in 0.002039 seconds
  Import took 0.006378 seconds .

========================================================================
Received Prepare
Registering precompiled user dll's ...
Registered in 0.001153 seconds.
Begin MonoManager ReloadAssembly
Native extension for LinuxStandalone target not found
Refreshing native plugins compatible for Editor in 0.46 ms, found 0 plugins.
Preloading 0 native plugins for Editor in 0.00 ms.
Mono: successfully reloaded assembly
- Completed reload, in  2.415 seconds
Platform modules already initialized, skipping
Refreshing native plugins compatible for Editor in 0.56 ms, found 0 plugins.
Preloading 0 native plugins for Editor in 0.00 ms.
Unloading 1118 Unused Serialized files (Serialized files now loaded: 0)
System memory in use before: 53.6 MB.
System memory in use after: 53.6 MB.

Unloading 6 unused Assets to reduce memory usage. Loaded Objects now: 1647.
Total: 7.162495 ms (FindLiveObjects: 0.401832 ms CreateObjectMapping: 0.121635 ms MarkObjects: 6.481381 ms  DeleteObjects: 0.152906 ms)

========================================================================
Received Import Request.
  Time since last request: 602.146424 seconds.
  path: Assets/scripts/Camerra.cs
  artifactKey: Guid(4678f0c83ec7ba9c5972d02dfa67dc5f) Importer(815301076,1909f56bfc062723c751e8b465ee728b)
Start importing Assets/scripts/Camerra.cs using Guid(4678f0c83ec7ba9c5972d02dfa67dc5f) Importer(815301076,1909f56bfc062723c751e8b465ee728b)  -> (artifact id: '4c5bf4e2934ec5364f891e62a2ac6b2c') in 0.008406 seconds
  Import took 0.013343 seconds .

========================================================================
Received Import Request.
  Time since last request: 0.003282 seconds.
  path: Assets/scripts/Camerra.cs
  artifactKey: Guid(4678f0c83ec7ba9c5972d02dfa67dc5f) Importer(815301076,1909f56bfc062723c751e8b465ee728b)
Start importing Assets/scripts/Camerra.cs using Guid(4678f0c83ec7ba9c5972d02dfa67dc5f) Importer(815301076,1909f56bfc062723c751e8b465ee728b)  -> (artifact id: '4c5bf4e2934ec5364f891e62a2ac6b2c') in 0.001789 seconds
  Import took 0.006831 seconds .

========================================================================
Received Prepare
Registering precompiled user dll's ...
Registered in 0.001042 seconds.
Begin MonoManager ReloadAssembly
Native extension for LinuxStandalone target not found
Refreshing native plugins compatible for Editor in 0.45 ms, found 0 plugins.
Preloading 0 native plugins for Editor in 0.00 ms.
Mono: successfully reloaded assembly
- Completed reload, in  2.317 seconds
Platform modules already initialized, skipping
Refreshing native plugins compatible for Editor in 0.43 ms, found 0 plugins.
Preloading 0 native plugins for Editor in 0.00 ms.
Unloading 1119 Unused Serialized files (Serialized files now loaded: 0)
System memory in use before: 53.6 MB.
System memory in use after: 53.7 MB.

Unloading 5 unused Assets to reduce memory usage. Loaded Objects now: 1651.
Total: 5.537596 ms (FindLiveObjects: 0.323273 ms CreateObjectMapping: 0.087312 ms MarkObjects: 5.005833 ms  DeleteObjects: 0.117500 ms)

========================================================================
Received Import Request.
  Time since last request: 14.721184 seconds.
  path: Assets/scripts/Cammera.cs
  artifactKey: Guid(4678f0c83ec7ba9c5972d02dfa67dc5f) Importer(815301076,1909f56bfc062723c751e8b465ee728b)
Start importing Assets/scripts/Cammera.cs using Guid(4678f0c83ec7ba9c5972d02dfa67dc5f) Importer(815301076,1909f56bfc062723c751e8b465ee728b)  -> (artifact id: 'e7756ca2ab094f8b2d3f553e3f9c3bd4') in 0.006625 seconds
  Import took 0.011034 seconds .

========================================================================
Received Import Request.
  Time since last request: 0.014973 seconds.
  path: Assets/scripts/Cammera.cs
  artifactKey: Guid(4678f0c83ec7ba9c5972d02dfa67dc5f) Importer(815301076,1909f56bfc062723c751e8b465ee728b)
Start importing Assets/scripts/Cammera.cs using Guid(4678f0c83ec7ba9c5972d02dfa67dc5f) Importer(815301076,1909f56bfc062723c751e8b465ee728b)  -> (artifact id: 'e7756ca2ab094f8b2d3f553e3f9c3bd4') in 0.001740 seconds
  Import took 0.006060 seconds .

========================================================================
Received Import Request.
  Time since last request: 324.782724 seconds.
  path: Assets/scripts/Cammera.cs
  artifactKey: Guid(4678f0c83ec7ba9c5972d02dfa67dc5f) Importer(815301076,1909f56bfc062723c751e8b465ee728b)
Start importing Assets/scripts/Cammera.cs using Guid(4678f0c83ec7ba9c5972d02dfa67dc5f) Importer(815301076,1909f56bfc062723c751e8b465ee728b)  -> (artifact id: '0e6f6e695c6b40f3d41b6b649f5bf0ef') in 0.001767 seconds
  Import took 0.006239 seconds .

========================================================================
Received Prepare
Registering precompiled user dll's ...
Registered in 0.001782 seconds.
Begin MonoManager ReloadAssembly
Native extension for LinuxStandalone target not found
Refreshing native plugins compatible for Editor in 0.44 ms, found 0 plugins.
Preloading 0 native plugins for Editor in 0.00 ms.
Mono: successfully reloaded assembly
- Completed reload, in  2.272 seconds
Platform modules already initialized, skipping
Refreshing native plugins compatible for Editor in 0.45 ms, found 0 plugins.
Preloading 0 native plugins for Editor in 0.00 ms.
Unloading 1120 Unused Serialized files (Serialized files now loaded: 0)
System memory in use before: 53.6 MB.
System memory in use after: 53.7 MB.

Unloading 5 unused Assets to reduce memory usage. Loaded Objects now: 1655.
Total: 5.107814 ms (FindLiveObjects: 0.315674 ms CreateObjectMapping: 0.091649 ms MarkObjects: 4.591566 ms  DeleteObjects: 0.105507 ms)

========================================================================
Received Import Request.
  Time since last request: 237.662574 seconds.
  path: Assets/scripts/Cammera.cs
  artifactKey: Guid(4678f0c83ec7ba9c5972d02dfa67dc5f) Importer(815301076,1909f56bfc062723c751e8b465ee728b)
Start importing Assets/scripts/Cammera.cs using Guid(4678f0c83ec7ba9c5972d02dfa67dc5f) Importer(815301076,1909f56bfc062723c751e8b465ee728b)  -> (artifact id: 'a86e09eabcac82b6fbf0ec0f6813473d') in 0.006630 seconds
  Import took 0.011440 seconds .

========================================================================
Received Import Request.
  Time since last request: 0.009787 seconds.
  path: Assets/scripts/Cammera.cs
  artifactKey: Guid(4678f0c83ec7ba9c5972d02dfa67dc5f) Importer(815301076,1909f56bfc062723c751e8b465ee728b)
Start importing Assets/scripts/Cammera.cs using Guid(4678f0c83ec7ba9c5972d02dfa67dc5f) Importer(815301076,1909f56bfc062723c751e8b465ee728b)  -> (artifact id: 'a86e09eabcac82b6fbf0ec0f6813473d') in 0.001779 seconds
  Import took 0.006571 seconds .

========================================================================
Received Import Request.
  Time since last request: 1.305226 seconds.
  path: Assets/scripts/test.cs
  artifactKey: Guid(2c7e136498e5bca0487e0d177bb3472a) Importer(815301076,1909f56bfc062723c751e8b465ee728b)
Start importing Assets/scripts/test.cs using Guid(2c7e136498e5bca0487e0d177bb3472a) Importer(815301076,1909f56bfc062723c751e8b465ee728b)  -> (artifact id: 'cd238828b7efee9250167f99f517c9d3') in 0.001889 seconds
  Import took 0.006365 seconds .

========================================================================
Received Import Request.
  Time since last request: 0.007228 seconds.
  path: Assets/scripts/test.cs
  artifactKey: Guid(2c7e136498e5bca0487e0d177bb3472a) Importer(815301076,1909f56bfc062723c751e8b465ee728b)
Start importing Assets/scripts/test.cs using Guid(2c7e136498e5bca0487e0d177bb3472a) Importer(815301076,1909f56bfc062723c751e8b465ee728b)  -> (artifact id: 'cd238828b7efee9250167f99f517c9d3') in 0.001925 seconds
  Import took 0.006722 seconds .

========================================================================
Received Prepare
Registering precompiled user dll's ...
Registered in 0.001113 seconds.
Begin MonoManager ReloadAssembly
Native extension for LinuxStandalone target not found
Refreshing native plugins compatible for Editor in 0.46 ms, found 0 plugins.
Preloading 0 native plugins for Editor in 0.00 ms.
Mono: successfully reloaded assembly
- Completed reload, in  2.262 seconds
Platform modules already initialized, skipping
Refreshing native plugins compatible for Editor in 0.49 ms, found 0 plugins.
Preloading 0 native plugins for Editor in 0.00 ms.
Unloading 1120 Unused Serialized files (Serialized files now loaded: 0)
System memory in use before: 53.6 MB.
System memory in use after: 53.7 MB.

Unloading 5 unused Assets to reduce memory usage. Loaded Objects now: 1658.
Total: 5.947274 ms (FindLiveObjects: 0.316522 ms CreateObjectMapping: 0.093892 ms MarkObjects: 5.408608 ms  DeleteObjects: 0.124871 ms)

========================================================================
Received Import Request.
  Time since last request: 182.403792 seconds.
  path: Assets/scripts/Cammera.cs
  artifactKey: Guid(4678f0c83ec7ba9c5972d02dfa67dc5f) Importer(815301076,1909f56bfc062723c751e8b465ee728b)
Start importing Assets/scripts/Cammera.cs using Guid(4678f0c83ec7ba9c5972d02dfa67dc5f) Importer(815301076,1909f56bfc062723c751e8b465ee728b)  -> (artifact id: '428ec4ad5abde1ed87791a545f74fcb5') in 0.007823 seconds
  Import took 0.013635 seconds .

========================================================================
Received Import Request.
  Time since last request: 1017.722015 seconds.
  path: Assets/scripts/Cammera.cs
  artifactKey: Guid(4678f0c83ec7ba9c5972d02dfa67dc5f) Importer(815301076,1909f56bfc062723c751e8b465ee728b)
Start importing Assets/scripts/Cammera.cs using Guid(4678f0c83ec7ba9c5972d02dfa67dc5f) Importer(815301076,1909f56bfc062723c751e8b465ee728b)  -> (artifact id: '8d1e4dc09c0b29686f7b272433a81673') in 0.002028 seconds
  Import took 0.007230 seconds .

========================================================================
Received Import Request.
  Time since last request: 30.301783 seconds.
  path: Assets/scripts/test.cs
  artifactKey: Guid(2c7e136498e5bca0487e0d177bb3472a) Importer(815301076,1909f56bfc062723c751e8b465ee728b)
Start importing Assets/scripts/test.cs using Guid(2c7e136498e5bca0487e0d177bb3472a) Importer(815301076,1909f56bfc062723c751e8b465ee728b)  -> (artifact id: '204f474b0f711e9ec5066974af4f0c7d') in 0.002312 seconds
  Import took 0.008203 seconds .

========================================================================
Received Prepare
Registering precompiled user dll's ...
Registered in 0.001163 seconds.
Begin MonoManager ReloadAssembly
Native extension for LinuxStandalone target not found
Refreshing native plugins compatible for Editor in 0.48 ms, found 0 plugins.
Preloading 0 native plugins for Editor in 0.00 ms.
Mono: successfully reloaded assembly
- Completed reload, in  2.257 seconds
Platform modules already initialized, skipping
Refreshing native plugins compatible for Editor in 0.52 ms, found 0 plugins.
Preloading 0 native plugins for Editor in 0.00 ms.
Unloading 1119 Unused Serialized files (Serialized files now loaded: 0)
System memory in use before: 53.6 MB.
System memory in use after: 53.7 MB.

Unloading 7 unused Assets to reduce memory usage. Loaded Objects now: 1660.
Total: 6.255620 ms (FindLiveObjects: 0.318625 ms CreateObjectMapping: 0.116107 ms MarkObjects: 5.690715 ms  DeleteObjects: 0.125713 ms)

========================================================================
Received Import Request.
  Time since last request: 175.185765 seconds.
  path: Assets/test.cs
  artifactKey: Guid(c53f2d2d39fbf39a2a6a1ef3753c8860) Importer(815301076,1909f56bfc062723c751e8b465ee728b)
Start importing Assets/test.cs using Guid(c53f2d2d39fbf39a2a6a1ef3753c8860) Importer(815301076,1909f56bfc062723c751e8b465ee728b)  -> (artifact id: 'd0c7a9b4fc08fe20a46788fe374308ae') in 0.006516 seconds
  Import took 0.011008 seconds .

========================================================================
Received Import Request.
  Time since last request: 0.008962 seconds.
  path: Assets/test.cs
  artifactKey: Guid(c53f2d2d39fbf39a2a6a1ef3753c8860) Importer(815301076,1909f56bfc062723c751e8b465ee728b)
Start importing Assets/test.cs using Guid(c53f2d2d39fbf39a2a6a1ef3753c8860) Importer(815301076,1909f56bfc062723c751e8b465ee728b)  -> (artifact id: 'd0c7a9b4fc08fe20a46788fe374308ae') in 0.002472 seconds
  Import took 0.009075 seconds .

========================================================================
Received Prepare
Registering precompiled user dll's ...
Registered in 0.000613 seconds.
Begin MonoManager ReloadAssembly
Native extension for LinuxStandalone target not found
Refreshing native plugins compatible for Editor in 0.22 ms, found 0 plugins.
Preloading 0 native plugins for Editor in 0.00 ms.
Mono: successfully reloaded assembly
- Completed reload, in  0.878 seconds
Platform modules already initialized, skipping
Refreshing native plugins compatible for Editor in 0.21 ms, found 0 plugins.
Preloading 0 native plugins for Editor in 0.00 ms.
Unloading 1119 Unused Serialized files (Serialized files now loaded: 0)
System memory in use before: 53.6 MB.
System memory in use after: 53.7 MB.

Unloading 5 unused Assets to reduce memory usage. Loaded Objects now: 1663.
Total: 2.777882 ms (FindLiveObjects: 0.303647 ms CreateObjectMapping: 0.051674 ms MarkObjects: 2.330598 ms  DeleteObjects: 0.090318 ms)

========================================================================
Received Import Request.
  Time since last request: 28.592055 seconds.
  path: Assets/test.cs
  artifactKey: Guid(c53f2d2d39fbf39a2a6a1ef3753c8860) Importer(815301076,1909f56bfc062723c751e8b465ee728b)
Start importing Assets/test.cs using Guid(c53f2d2d39fbf39a2a6a1ef3753c8860) Importer(815301076,1909f56bfc062723c751e8b465ee728b)  -> (artifact id: 'c16ac35b9d9c46fe7cbb8aeacef8de6b') in 0.003206 seconds
  Import took 0.005467 seconds .

========================================================================
Received Prepare
Registering precompiled user dll's ...
Registered in 0.000785 seconds.
Begin MonoManager ReloadAssembly
Native extension for LinuxStandalone target not found
Refreshing native plugins compatible for Editor in 0.24 ms, found 0 plugins.
Preloading 0 native plugins for Editor in 0.00 ms.
Mono: successfully reloaded assembly
- Completed reload, in  0.916 seconds
Platform modules already initialized, skipping
Refreshing native plugins compatible for Editor in 0.22 ms, found 0 plugins.
Preloading 0 native plugins for Editor in 0.00 ms.
Unloading 1119 Unused Serialized files (Serialized files now loaded: 0)
System memory in use before: 53.6 MB.
System memory in use after: 53.7 MB.

Unloading 5 unused Assets to reduce memory usage. Loaded Objects now: 1666.
Total: 3.009836 ms (FindLiveObjects: 0.236638 ms CreateObjectMapping: 0.050417 ms MarkObjects: 2.661637 ms  DeleteObjects: 0.059730 ms)

========================================================================
Received Import Request.
  Time since last request: 402.005365 seconds.
  path: Assets/test.cs
  artifactKey: Guid(c53f2d2d39fbf39a2a6a1ef3753c8860) Importer(815301076,1909f56bfc062723c751e8b465ee728b)
Start importing Assets/test.cs using Guid(c53f2d2d39fbf39a2a6a1ef3753c8860) Importer(815301076,1909f56bfc062723c751e8b465ee728b)  -> (artifact id: 'c01066d0efb61d5b992b3051a75c5b0c') in 0.003711 seconds
  Import took 0.006963 seconds .

========================================================================
Received Import Request.
  Time since last request: 16.494935 seconds.
  path: Assets/test.cs
  artifactKey: Guid(c53f2d2d39fbf39a2a6a1ef3753c8860) Importer(815301076,1909f56bfc062723c751e8b465ee728b)
Start importing Assets/test.cs using Guid(c53f2d2d39fbf39a2a6a1ef3753c8860) Importer(815301076,1909f56bfc062723c751e8b465ee728b)  -> (artifact id: 'b345fee7495c64b92beef3a4b3e13101') in 0.001003 seconds
  Import took 0.003910 seconds .

========================================================================
Received Prepare
Registering precompiled user dll's ...
Registered in 0.000499 seconds.
Begin MonoManager ReloadAssembly
Native extension for LinuxStandalone target not found
Refreshing native plugins compatible for Editor in 0.27 ms, found 0 plugins.
Preloading 0 native plugins for Editor in 0.00 ms.
Mono: successfully reloaded assembly
- Completed reload, in  0.859 seconds
Platform modules already initialized, skipping
Refreshing native plugins compatible for Editor in 0.23 ms, found 0 plugins.
Preloading 0 native plugins for Editor in 0.00 ms.
Unloading 1119 Unused Serialized files (Serialized files now loaded: 0)
System memory in use before: 53.6 MB.
System memory in use after: 53.7 MB.

Unloading 5 unused Assets to reduce memory usage. Loaded Objects now: 1669.
Total: 2.928789 ms (FindLiveObjects: 0.306765 ms CreateObjectMapping: 0.078874 ms MarkObjects: 2.477165 ms  DeleteObjects: 0.064442 ms)

========================================================================
Received Import Request.
  Time since last request: 16.791563 seconds.
  path: Assets/test.cs
  artifactKey: Guid(c53f2d2d39fbf39a2a6a1ef3753c8860) Importer(815301076,1909f56bfc062723c751e8b465ee728b)
Start importing Assets/test.cs using Guid(c53f2d2d39fbf39a2a6a1ef3753c8860) Importer(815301076,1909f56bfc062723c751e8b465ee728b)  -> (artifact id: '6e13befd94959368f23700ae2d81dbeb') in 0.003770 seconds
  Import took 0.007209 seconds .

========================================================================
Received Prepare
Registering precompiled user dll's ...
Registered in 0.000678 seconds.
Begin MonoManager ReloadAssembly
Native extension for LinuxStandalone target not found
Refreshing native plugins compatible for Editor in 0.21 ms, found 0 plugins.
Preloading 0 native plugins for Editor in 0.00 ms.
Mono: successfully reloaded assembly
- Completed reload, in  1.000 seconds
Platform modules already initialized, skipping
Refreshing native plugins compatible for Editor in 0.23 ms, found 0 plugins.
Preloading 0 native plugins for Editor in 0.00 ms.
Unloading 1119 Unused Serialized files (Serialized files now loaded: 0)
System memory in use before: 53.6 MB.
System memory in use after: 53.7 MB.

Unloading 5 unused Assets to reduce memory usage. Loaded Objects now: 1672.
Total: 2.262173 ms (FindLiveObjects: 0.153434 ms CreateObjectMapping: 0.055378 ms MarkObjects: 2.001529 ms  DeleteObjects: 0.050449 ms)

========================================================================
Received Prepare
Registering precompiled user dll's ...
Registered in 0.000690 seconds.
Begin MonoManager ReloadAssembly
Native extension for LinuxStandalone target not found
Refreshing native plugins compatible for Editor in 0.29 ms, found 0 plugins.
Preloading 0 native plugins for Editor in 0.00 ms.
Mono: successfully reloaded assembly
- Completed reload, in  0.837 seconds
Platform modules already initialized, skipping
Refreshing native plugins compatible for Editor in 0.25 ms, found 0 plugins.
Preloading 0 native plugins for Editor in 0.00 ms.
Unloading 1119 Unused Serialized files (Serialized files now loaded: 0)
System memory in use before: 53.6 MB.
System memory in use after: 53.7 MB.

Unloading 5 unused Assets to reduce memory usage. Loaded Objects now: 1675.
Total: 2.616686 ms (FindLiveObjects: 0.184176 ms CreateObjectMapping: 0.041020 ms MarkObjects: 2.343786 ms  DeleteObjects: 0.046483 ms)

========================================================================
Received Prepare
Registering precompiled user dll's ...
Registered in 0.000905 seconds.
Begin MonoManager ReloadAssembly
Native extension for LinuxStandalone target not found
Refreshing native plugins compatible for Editor in 0.26 ms, found 0 plugins.
Preloading 0 native plugins for Editor in 0.00 ms.
Mono: successfully reloaded assembly
- Completed reload, in  1.271 seconds
Platform modules already initialized, skipping
Refreshing native plugins compatible for Editor in 0.72 ms, found 0 plugins.
Preloading 0 native plugins for Editor in 0.00 ms.
Unloading 1119 Unused Serialized files (Serialized files now loaded: 0)
System memory in use before: 53.6 MB.
System memory in use after: 53.7 MB.

Unloading 5 unused Assets to reduce memory usage. Loaded Objects now: 1678.
Total: 3.673520 ms (FindLiveObjects: 0.308337 ms CreateObjectMapping: 0.082841 ms MarkObjects: 3.210092 ms  DeleteObjects: 0.070318 ms)

========================================================================
Received Import Request.
  Time since last request: 562.027897 seconds.
  path: Assets/test.cs
  artifactKey: Guid(c53f2d2d39fbf39a2a6a1ef3753c8860) Importer(815301076,1909f56bfc062723c751e8b465ee728b)
Start importing Assets/test.cs using Guid(c53f2d2d39fbf39a2a6a1ef3753c8860) Importer(815301076,1909f56bfc062723c751e8b465ee728b)  -> (artifact id: '4fcda33a30fe88bb0f0756cabd5b9446') in 0.003136 seconds
  Import took 0.005654 seconds .

========================================================================
Received Import Request.
  Time since last request: 0.000566 seconds.
  path: Assets/test.cs
  artifactKey: Guid(c53f2d2d39fbf39a2a6a1ef3753c8860) Importer(815301076,1909f56bfc062723c751e8b465ee728b)
Start importing Assets/test.cs using Guid(c53f2d2d39fbf39a2a6a1ef3753c8860) Importer(815301076,1909f56bfc062723c751e8b465ee728b)  -> (artifact id: '4fcda33a30fe88bb0f0756cabd5b9446') in 0.000774 seconds
  Import took 0.002662 seconds .

========================================================================
Received Import Request.
  Time since last request: 7.298140 seconds.
  path: Assets/camera.cs
  artifactKey: Guid(c53f2d2d39fbf39a2a6a1ef3753c8860) Importer(815301076,1909f56bfc062723c751e8b465ee728b)
Start importing Assets/camera.cs using Guid(c53f2d2d39fbf39a2a6a1ef3753c8860) Importer(815301076,1909f56bfc062723c751e8b465ee728b)  -> (artifact id: 'f9bae8459b3358c187cb1c582ebe5870') in 0.001164 seconds
  Import took 0.004170 seconds .

========================================================================
Received Prepare
Registering precompiled user dll's ...
Registered in 0.000501 seconds.
Begin MonoManager ReloadAssembly
Native extension for LinuxStandalone target not found
Refreshing native plugins compatible for Editor in 0.22 ms, found 0 plugins.
Preloading 0 native plugins for Editor in 0.00 ms.
Mono: successfully reloaded assembly
- Completed reload, in  0.776 seconds
Platform modules already initialized, skipping
Refreshing native plugins compatible for Editor in 0.26 ms, found 0 plugins.
Preloading 0 native plugins for Editor in 0.00 ms.
Unloading 1119 Unused Serialized files (Serialized files now loaded: 0)
System memory in use before: 53.6 MB.
System memory in use after: 53.7 MB.

Unloading 5 unused Assets to reduce memory usage. Loaded Objects now: 1681.
Total: 5.568258 ms (FindLiveObjects: 0.197736 ms CreateObjectMapping: 0.056000 ms MarkObjects: 5.260227 ms  DeleteObjects: 0.052832 ms)

========================================================================
Received Prepare
Registering precompiled user dll's ...
Registered in 0.000491 seconds.
Begin MonoManager ReloadAssembly
Native extension for LinuxStandalone target not found
Refreshing native plugins compatible for Editor in 0.19 ms, found 0 plugins.
Preloading 0 native plugins for Editor in 0.00 ms.
Mono: successfully reloaded assembly
- Completed reload, in  0.781 seconds
Platform modules already initialized, skipping
Refreshing native plugins compatible for Editor in 0.23 ms, found 0 plugins.
Preloading 0 native plugins for Editor in 0.00 ms.
Unloading 1119 Unused Serialized files (Serialized files now loaded: 0)
System memory in use before: 53.6 MB.
System memory in use after: 53.7 MB.

Unloading 5 unused Assets to reduce memory usage. Loaded Objects now: 1684.
Total: 2.569836 ms (FindLiveObjects: 0.230022 ms CreateObjectMapping: 0.045184 ms MarkObjects: 2.237318 ms  DeleteObjects: 0.055297 ms)

========================================================================
Received Prepare
Registering precompiled user dll's ...
Registered in 0.000395 seconds.
Begin MonoManager ReloadAssembly
Native extension for LinuxStandalone target not found
Refreshing native plugins compatible for Editor in 0.22 ms, found 0 plugins.
Preloading 0 native plugins for Editor in 0.00 ms.
Mono: successfully reloaded assembly
- Completed reload, in  0.809 seconds
Platform modules already initialized, skipping
Refreshing native plugins compatible for Editor in 0.20 ms, found 0 plugins.
Preloading 0 native plugins for Editor in 0.00 ms.
Unloading 1119 Unused Serialized files (Serialized files now loaded: 0)
System memory in use before: 53.6 MB.
System memory in use after: 53.7 MB.

Unloading 5 unused Assets to reduce memory usage. Loaded Objects now: 1687.
Total: 2.201588 ms (FindLiveObjects: 0.140441 ms CreateObjectMapping: 0.034338 ms MarkObjects: 1.980022 ms  DeleteObjects: 0.045867 ms)

========================================================================
Received Import Request.
  Time since last request: 41.868573 seconds.
  path: Assets/scripts/camera.cs
  artifactKey: Guid(c53f2d2d39fbf39a2a6a1ef3753c8860) Importer(815301076,1909f56bfc062723c751e8b465ee728b)
Start importing Assets/scripts/camera.cs using Guid(c53f2d2d39fbf39a2a6a1ef3753c8860) Importer(815301076,1909f56bfc062723c751e8b465ee728b)  -> (artifact id: '3a2c065c7ba987f718b1e78a3372ae9e') in 0.002755 seconds
  Import took 0.004502 seconds .

========================================================================
Received Prepare
Registering precompiled user dll's ...
Registered in 0.000510 seconds.
Begin MonoManager ReloadAssembly
Native extension for LinuxStandalone target not found
Refreshing native plugins compatible for Editor in 0.29 ms, found 0 plugins.
Preloading 0 native plugins for Editor in 0.00 ms.
Mono: successfully reloaded assembly
- Completed reload, in  0.860 seconds
Platform modules already initialized, skipping
Refreshing native plugins compatible for Editor in 0.25 ms, found 0 plugins.
Preloading 0 native plugins for Editor in 0.00 ms.
Unloading 1119 Unused Serialized files (Serialized files now loaded: 0)
System memory in use before: 53.7 MB.
System memory in use after: 53.7 MB.

Unloading 5 unused Assets to reduce memory usage. Loaded Objects now: 1690.
Total: 2.378087 ms (FindLiveObjects: 0.218288 ms CreateObjectMapping: 0.065936 ms MarkObjects: 2.020434 ms  DeleteObjects: 0.072374 ms)

========================================================================
Received Prepare
Registering precompiled user dll's ...
Registered in 0.000964 seconds.
Begin MonoManager ReloadAssembly
Native extension for LinuxStandalone target not found
Refreshing native plugins compatible for Editor in 0.23 ms, found 0 plugins.
Preloading 0 native plugins for Editor in 0.00 ms.
Mono: successfully reloaded assembly
- Completed reload, in  0.858 seconds
Platform modules already initialized, skipping
Refreshing native plugins compatible for Editor in 0.21 ms, found 0 plugins.
Preloading 0 native plugins for Editor in 0.00 ms.
Unloading 1119 Unused Serialized files (Serialized files now loaded: 0)
System memory in use before: 53.7 MB.
System memory in use after: 53.7 MB.

Unloading 5 unused Assets to reduce memory usage. Loaded Objects now: 1693.
Total: 2.827154 ms (FindLiveObjects: 0.155997 ms CreateObjectMapping: 0.036923 ms MarkObjects: 2.578204 ms  DeleteObjects: 0.054853 ms)

========================================================================
Received Import Request.
  Time since last request: 251.591531 seconds.
  path: Assets/scripts/Player.cs
  artifactKey: Guid(4117916f072e0daa0b6b04651594425a) Importer(815301076,1909f56bfc062723c751e8b465ee728b)
Start importing Assets/scripts/Player.cs using Guid(4117916f072e0daa0b6b04651594425a) Importer(815301076,1909f56bfc062723c751e8b465ee728b)  -> (artifact id: 'df49998ea66545ad20415ebdbe20625a') in 0.005487 seconds
  Import took 0.008749 seconds .

========================================================================
Received Import Request.
  Time since last request: 0.000353 seconds.
  path: Assets/scripts/Player.cs
  artifactKey: Guid(4117916f072e0daa0b6b04651594425a) Importer(815301076,1909f56bfc062723c751e8b465ee728b)
Start importing Assets/scripts/Player.cs using Guid(4117916f072e0daa0b6b04651594425a) Importer(815301076,1909f56bfc062723c751e8b465ee728b)  -> (artifact id: 'df49998ea66545ad20415ebdbe20625a') in 0.000903 seconds
  Import took 0.003211 seconds .

========================================================================
Received Prepare
Registering precompiled user dll's ...
Registered in 0.000493 seconds.
Begin MonoManager ReloadAssembly
Native extension for LinuxStandalone target not found
Refreshing native plugins compatible for Editor in 0.25 ms, found 0 plugins.
Preloading 0 native plugins for Editor in 0.00 ms.
Mono: successfully reloaded assembly
- Completed reload, in  0.786 seconds
Platform modules already initialized, skipping
Refreshing native plugins compatible for Editor in 0.25 ms, found 0 plugins.
Preloading 0 native plugins for Editor in 0.00 ms.
Unloading 1120 Unused Serialized files (Serialized files now loaded: 0)
System memory in use before: 53.7 MB.
System memory in use after: 53.8 MB.

Unloading 5 unused Assets to reduce memory usage. Loaded Objects now: 1697.
Total: 3.396907 ms (FindLiveObjects: 0.273124 ms CreateObjectMapping: 0.089835 ms MarkObjects: 2.970522 ms  DeleteObjects: 0.061451 ms)

========================================================================
Received Prepare
Registering precompiled user dll's ...
Registered in 0.001360 seconds.
Begin MonoManager ReloadAssembly
Native extension for LinuxStandalone target not found
Refreshing native plugins compatible for Editor in 0.23 ms, found 0 plugins.
Preloading 0 native plugins for Editor in 0.00 ms.
Mono: successfully reloaded assembly
- Completed reload, in  0.872 seconds
Platform modules already initialized, skipping
Refreshing native plugins compatible for Editor in 0.19 ms, found 0 plugins.
Preloading 0 native plugins for Editor in 0.00 ms.
Unloading 1120 Unused Serialized files (Serialized files now loaded: 0)
System memory in use before: 53.7 MB.
System memory in use after: 53.8 MB.

Unloading 5 unused Assets to reduce memory usage. Loaded Objects now: 1700.
Total: 2.318228 ms (FindLiveObjects: 0.189141 ms CreateObjectMapping: 0.041156 ms MarkObjects: 2.038974 ms  DeleteObjects: 0.047916 ms)

========================================================================
Received Prepare
Registering precompiled user dll's ...
Registered in 0.000753 seconds.
Begin MonoManager ReloadAssembly
Native extension for LinuxStandalone target not found
Refreshing native plugins compatible for Editor in 0.22 ms, found 0 plugins.
Preloading 0 native plugins for Editor in 0.00 ms.
Mono: successfully reloaded assembly
- Completed reload, in  0.808 seconds
Platform modules already initialized, skipping
Refreshing native plugins compatible for Editor in 0.22 ms, found 0 plugins.
Preloading 0 native plugins for Editor in 0.00 ms.
Unloading 1120 Unused Serialized files (Serialized files now loaded: 0)
System memory in use before: 53.7 MB.
System memory in use after: 53.8 MB.

Unloading 5 unused Assets to reduce memory usage. Loaded Objects now: 1703.
Total: 2.354228 ms (FindLiveObjects: 0.159854 ms CreateObjectMapping: 0.035466 ms MarkObjects: 2.107809 ms  DeleteObjects: 0.049969 ms)

========================================================================
Received Import Request.
  Time since last request: 182.245150 seconds.
  path: Assets/Material/blue ball.mat
  artifactKey: Guid(ec9dda483c6254e24a1fe3ef1640d62f) Importer(815301076,1909f56bfc062723c751e8b465ee728b)
Start importing Assets/Material/blue ball.mat using Guid(ec9dda483c6254e24a1fe3ef1640d62f) Importer(815301076,1909f56bfc062723c751e8b465ee728b)  -> (artifact id: 'b02e2e83033b016b3e507998c92f8a0d') in 0.362326 seconds
  Import took 0.366326 seconds .

========================================================================
Received Import Request.
  Time since last request: 0.004200 seconds.
  path: Assets/Material/blue ball.mat
  artifactKey: Guid(ec9dda483c6254e24a1fe3ef1640d62f) Importer(815301076,1909f56bfc062723c751e8b465ee728b)
Start importing Assets/Material/blue ball.mat using Guid(ec9dda483c6254e24a1fe3ef1640d62f) Importer(815301076,1909f56bfc062723c751e8b465ee728b)  -> (artifact id: 'b02e2e83033b016b3e507998c92f8a0d') in 0.009393 seconds
  Import took 0.013006 seconds .

========================================================================
Received Import Request.
  Time since last request: 9.853007 seconds.
  path: Assets/Prefabs/throwing ball.prefab
  artifactKey: Guid(a0423bb02437172db86c7fa552709038) Importer(815301076,1909f56bfc062723c751e8b465ee728b)
Start importing Assets/Prefabs/throwing ball.prefab using Guid(a0423bb02437172db86c7fa552709038) Importer(815301076,1909f56bfc062723c751e8b465ee728b)  -> (artifact id: 'eeed496f64340d85f3204e6fbbf3e678') in 0.188510 seconds
  Import took 0.190914 seconds .

========================================================================
Received Prepare
Registering precompiled user dll's ...
Registered in 0.000693 seconds.
Begin MonoManager ReloadAssembly
Native extension for LinuxStandalone target not found
Refreshing native plugins compatible for Editor in 0.34 ms, found 0 plugins.
Preloading 0 native plugins for Editor in 0.00 ms.
Mono: successfully reloaded assembly
- Completed reload, in  0.972 seconds
Platform modules already initialized, skipping
Refreshing native plugins compatible for Editor in 0.43 ms, found 0 plugins.
Preloading 0 native plugins for Editor in 0.00 ms.
Unloading 1120 Unused Serialized files (Serialized files now loaded: 0)
System memory in use before: 53.7 MB.
System memory in use after: 53.8 MB.

Unloading 5 unused Assets to reduce memory usage. Loaded Objects now: 1708.
Total: 2.454789 ms (FindLiveObjects: 0.189082 ms CreateObjectMapping: 0.042807 ms MarkObjects: 2.169496 ms  DeleteObjects: 0.052128 ms)

========================================================================
Received Prepare
Registering precompiled user dll's ...
Registered in 0.000461 seconds.
Begin MonoManager ReloadAssembly
Native extension for LinuxStandalone target not found
Refreshing native plugins compatible for Editor in 0.24 ms, found 0 plugins.
Preloading 0 native plugins for Editor in 0.00 ms.
Mono: successfully reloaded assembly
- Completed reload, in  0.825 seconds
Platform modules already initialized, skipping
Refreshing native plugins compatible for Editor in 0.23 ms, found 0 plugins.
Preloading 0 native plugins for Editor in 0.00 ms.
Unloading 1120 Unused Serialized files (Serialized files now loaded: 0)
System memory in use before: 53.8 MB.
System memory in use after: 53.8 MB.

Unloading 5 unused Assets to reduce memory usage. Loaded Objects now: 1711.
Total: 2.540648 ms (FindLiveObjects: 0.243489 ms CreateObjectMapping: 0.057006 ms MarkObjects: 2.190772 ms  DeleteObjects: 0.047943 ms)

========================================================================
Received Prepare
Registering precompiled user dll's ...
Registered in 0.000822 seconds.
Begin MonoManager ReloadAssembly
Native extension for LinuxStandalone target not found
Refreshing native plugins compatible for Editor in 0.22 ms, found 0 plugins.
Preloading 0 native plugins for Editor in 0.00 ms.
Mono: successfully reloaded assembly
- Completed reload, in  0.975 seconds
Platform modules already initialized, skipping
Refreshing native plugins compatible for Editor in 0.21 ms, found 0 plugins.
Preloading 0 native plugins for Editor in 0.00 ms.
Unloading 1120 Unused Serialized files (Serialized files now loaded: 0)
System memory in use before: 53.8 MB.
System memory in use after: 53.8 MB.

Unloading 5 unused Assets to reduce memory usage. Loaded Objects now: 1714.
Total: 2.461897 ms (FindLiveObjects: 0.190227 ms CreateObjectMapping: 0.076994 ms MarkObjects: 2.141983 ms  DeleteObjects: 0.051447 ms)

========================================================================
Received Prepare
Registering precompiled user dll's ...
Registered in 0.000688 seconds.
Begin MonoManager ReloadAssembly
Native extension for LinuxStandalone target not found
Refreshing native plugins compatible for Editor in 0.33 ms, found 0 plugins.
Preloading 0 native plugins for Editor in 0.00 ms.
Mono: successfully reloaded assembly
- Completed reload, in  1.019 seconds
Platform modules already initialized, skipping
Refreshing native plugins compatible for Editor in 0.22 ms, found 0 plugins.
Preloading 0 native plugins for Editor in 0.00 ms.
Unloading 1120 Unused Serialized files (Serialized files now loaded: 0)
System memory in use before: 53.8 MB.
System memory in use after: 53.8 MB.

Unloading 5 unused Assets to reduce memory usage. Loaded Objects now: 1717.
Total: 3.828307 ms (FindLiveObjects: 0.278471 ms CreateObjectMapping: 0.049238 ms MarkObjects: 3.423141 ms  DeleteObjects: 0.075643 ms)

========================================================================
Received Prepare
Registering precompiled user dll's ...
Registered in 0.000471 seconds.
Begin MonoManager ReloadAssembly
Native extension for LinuxStandalone target not found
Refreshing native plugins compatible for Editor in 0.24 ms, found 0 plugins.
Preloading 0 native plugins for Editor in 0.00 ms.
Mono: successfully reloaded assembly
- Completed reload, in  0.847 seconds
Platform modules already initialized, skipping
Refreshing native plugins compatible for Editor in 0.23 ms, found 0 plugins.
Preloading 0 native plugins for Editor in 0.00 ms.
Unloading 1120 Unused Serialized files (Serialized files now loaded: 0)
System memory in use before: 53.8 MB.
System memory in use after: 53.8 MB.

Unloading 5 unused Assets to reduce memory usage. Loaded Objects now: 1720.
Total: 2.794817 ms (FindLiveObjects: 0.227121 ms CreateObjectMapping: 0.060407 ms MarkObjects: 2.445397 ms  DeleteObjects: 0.060510 ms)

========================================================================
Received Prepare
Registering precompiled user dll's ...
Registered in 0.000997 seconds.
Begin MonoManager ReloadAssembly
Native extension for LinuxStandalone target not found
Refreshing native plugins compatible for Editor in 0.75 ms, found 0 plugins.
Preloading 0 native plugins for Editor in 0.00 ms.
Mono: successfully reloaded assembly
- Completed reload, in  1.007 seconds
Platform modules already initialized, skipping
Refreshing native plugins compatible for Editor in 0.23 ms, found 0 plugins.
Preloading 0 native plugins for Editor in 0.00 ms.
Unloading 1120 Unused Serialized files (Serialized files now loaded: 0)
System memory in use before: 53.8 MB.
System memory in use after: 53.8 MB.

Unloading 5 unused Assets to reduce memory usage. Loaded Objects now: 1723.
Total: 2.434816 ms (FindLiveObjects: 0.184507 ms CreateObjectMapping: 0.038846 ms MarkObjects: 2.158208 ms  DeleteObjects: 0.051625 ms)

========================================================================
Received Prepare
Registering precompiled user dll's ...
Registered in 0.000616 seconds.
Begin MonoManager ReloadAssembly
Native extension for LinuxStandalone target not found
Refreshing native plugins compatible for Editor in 0.43 ms, found 0 plugins.
Preloading 0 native plugins for Editor in 0.00 ms.
Mono: successfully reloaded assembly
- Completed reload, in  0.996 seconds
Platform modules already initialized, skipping
Refreshing native plugins compatible for Editor in 0.20 ms, found 0 plugins.
Preloading 0 native plugins for Editor in 0.00 ms.
Unloading 1120 Unused Serialized files (Serialized files now loaded: 0)
System memory in use before: 53.8 MB.
System memory in use after: 53.8 MB.

Unloading 5 unused Assets to reduce memory usage. Loaded Objects now: 1726.
Total: 2.610460 ms (FindLiveObjects: 0.202520 ms CreateObjectMapping: 0.049621 ms MarkObjects: 2.293561 ms  DeleteObjects: 0.063431 ms)

========================================================================
Received Prepare
Registering precompiled user dll's ...
Registered in 0.000698 seconds.
Begin MonoManager ReloadAssembly
Native extension for LinuxStandalone target not found
Refreshing native plugins compatible for Editor in 0.32 ms, found 0 plugins.
Preloading 0 native plugins for Editor in 0.00 ms.
Mono: successfully reloaded assembly
- Completed reload, in  0.841 seconds
Platform modules already initialized, skipping
Refreshing native plugins compatible for Editor in 0.23 ms, found 0 plugins.
Preloading 0 native plugins for Editor in 0.00 ms.
Unloading 1120 Unused Serialized files (Serialized files now loaded: 0)
System memory in use before: 53.8 MB.
System memory in use after: 53.8 MB.

Unloading 5 unused Assets to reduce memory usage. Loaded Objects now: 1729.
Total: 2.941087 ms (FindLiveObjects: 0.235233 ms CreateObjectMapping: 0.060562 ms MarkObjects: 2.581093 ms  DeleteObjects: 0.062577 ms)

========================================================================
Received Prepare
Registering precompiled user dll's ...
Registered in 0.000655 seconds.
Begin MonoManager ReloadAssembly
Native extension for LinuxStandalone target not found
Refreshing native plugins compatible for Editor in 0.29 ms, found 0 plugins.
Preloading 0 native plugins for Editor in 0.00 ms.
Mono: successfully reloaded assembly
- Completed reload, in  0.858 seconds
Platform modules already initialized, skipping
Refreshing native plugins compatible for Editor in 0.21 ms, found 0 plugins.
Preloading 0 native plugins for Editor in 0.00 ms.
Unloading 1120 Unused Serialized files (Serialized files now loaded: 0)
System memory in use before: 53.8 MB.
System memory in use after: 53.8 MB.

Unloading 5 unused Assets to reduce memory usage. Loaded Objects now: 1732.
Total: 2.857795 ms (FindLiveObjects: 0.345393 ms CreateObjectMapping: 0.094385 ms MarkObjects: 2.354009 ms  DeleteObjects: 0.062562 ms)

========================================================================
Received Prepare
Registering precompiled user dll's ...
Registered in 0.000661 seconds.
Begin MonoManager ReloadAssembly
Native extension for LinuxStandalone target not found
Refreshing native plugins compatible for Editor in 0.21 ms, found 0 plugins.
Preloading 0 native plugins for Editor in 0.00 ms.
Mono: successfully reloaded assembly
- Completed reload, in  0.972 seconds
Platform modules already initialized, skipping
Refreshing native plugins compatible for Editor in 0.31 ms, found 0 plugins.
Preloading 0 native plugins for Editor in 0.00 ms.
Unloading 1120 Unused Serialized files (Serialized files now loaded: 0)
System memory in use before: 53.8 MB.
System memory in use after: 53.8 MB.

Unloading 5 unused Assets to reduce memory usage. Loaded Objects now: 1735.
Total: 2.354224 ms (FindLiveObjects: 0.159201 ms CreateObjectMapping: 0.039623 ms MarkObjects: 2.105741 ms  DeleteObjects: 0.048527 ms)

========================================================================
Received Prepare
Registering precompiled user dll's ...
Registered in 0.000535 seconds.
Begin MonoManager ReloadAssembly
Native extension for LinuxStandalone target not found
Refreshing native plugins compatible for Editor in 0.23 ms, found 0 plugins.
Preloading 0 native plugins for Editor in 0.00 ms.
Mono: successfully reloaded assembly
- Completed reload, in  0.864 seconds
Platform modules already initialized, skipping
Refreshing native plugins compatible for Editor in 0.23 ms, found 0 plugins.
Preloading 0 native plugins for Editor in 0.00 ms.
Unloading 1120 Unused Serialized files (Serialized files now loaded: 0)
System memory in use before: 53.8 MB.
System memory in use after: 53.9 MB.

Unloading 5 unused Assets to reduce memory usage. Loaded Objects now: 1738.
Total: 2.765403 ms (FindLiveObjects: 0.253885 ms CreateObjectMapping: 0.053574 ms MarkObjects: 2.401204 ms  DeleteObjects: 0.055457 ms)

========================================================================
Received Prepare
Registering precompiled user dll's ...
Registered in 0.000708 seconds.
Begin MonoManager ReloadAssembly
Native extension for LinuxStandalone target not found
Refreshing native plugins compatible for Editor in 0.33 ms, found 0 plugins.
Preloading 0 native plugins for Editor in 0.00 ms.
Mono: successfully reloaded assembly
- Completed reload, in  1.025 seconds
Platform modules already initialized, skipping
Refreshing native plugins compatible for Editor in 0.19 ms, found 0 plugins.
Preloading 0 native plugins for Editor in 0.00 ms.
Unloading 1120 Unused Serialized files (Serialized files now loaded: 0)
System memory in use before: 53.8 MB.
System memory in use after: 53.9 MB.

Unloading 5 unused Assets to reduce memory usage. Loaded Objects now: 1741.
Total: 2.474197 ms (FindLiveObjects: 0.241730 ms CreateObjectMapping: 0.061153 ms MarkObjects: 2.121129 ms  DeleteObjects: 0.048775 ms)

========================================================================
Received Prepare
Registering precompiled user dll's ...
Registered in 0.000462 seconds.
Begin MonoManager ReloadAssembly
Native extension for LinuxStandalone target not found
Refreshing native plugins compatible for Editor in 0.20 ms, found 0 plugins.
Preloading 0 native plugins for Editor in 0.00 ms.
Mono: successfully reloaded assembly
- Completed reload, in  0.806 seconds
Platform modules already initialized, skipping
Refreshing native plugins compatible for Editor in 0.20 ms, found 0 plugins.
Preloading 0 native plugins for Editor in 0.00 ms.
Unloading 1120 Unused Serialized files (Serialized files now loaded: 0)
System memory in use before: 53.8 MB.
System memory in use after: 53.9 MB.

Unloading 5 unused Assets to reduce memory usage. Loaded Objects now: 1744.
Total: 2.592247 ms (FindLiveObjects: 0.247749 ms CreateObjectMapping: 0.064526 ms MarkObjects: 2.226626 ms  DeleteObjects: 0.052070 ms)

AssetImportWorkerClient::OnTransportError - code=2 error=End of file
