Using pre-set license
Desktop is 1920 x 1080 @ 60 Hz

 COMMAND LINE ARGUMENTS:
Unity
-adb2
-batchMode
-noUpm
-name
AssetImportWorker0
-projectPath
/home/phong-tran/Unity Project/TxChildrenHostitalHackathon/gamebuild
-logFile
Logs/AssetImportWorker0.log
-srvPort
37039
Successfully changed project path to: /home/phong-tran/Unity Project/TxChildrenHostitalHackathon/gamebuild
/home/phong-tran/Unity Project/TxChildrenHostitalHackathon/gamebuild
Using Asset Import Pipeline V2.
Refreshing native plugins compatible for Editor in 32.36 ms, found 0 plugins.
Preloading 0 native plugins for Editor in 0.00 ms.
Initialize engine version: 2020.3.8f1 (507919d4fff5)
[Subsystems] Discovering subsystems at path /home/phong-tran/Unity Project/2020.3.8f1/Editor/Data/Resources/UnitySubsystems
[Subsystems] Discovering subsystems at path /home/phong-tran/Unity Project/TxChildrenHostitalHackathon/gamebuild/Assets
GLX Extensions: GLX_ARB_create_context GLX_ARB_create_context_no_error GLX_ARB_create_context_profile GLX_ARB_create_context_robustness GLX_ARB_fbconfig_float GLX_ARB_framebuffer_sRGB GLX_ARB_get_proc_address GLX_ARB_multisample GLX_EXT_buffer_age GLX_EXT_create_context_es2_profile GLX_EXT_create_context_es_profile GLX_EXT_fbconfig_packed_float GLX_EXT_framebuffer_sRGB GLX_EXT_import_context GLX_EXT_texture_from_pixmap GLX_EXT_visual_info GLX_EXT_visual_rating GLX_INTEL_swap_event GLX_MESA_copy_sub_buffer GLX_MESA_query_renderer GLX_MESA_swap_control GLX_OML_swap_method GLX_OML_sync_control GLX_SGIS_multisample GLX_SGIX_fbconfig GLX_SGIX_pbuffer GLX_SGIX_visual_select_group GLX_SGI_make_current_read GLX_SGI_swap_control GLX_SGI_video_sync 
Renderer: Mesa Intel(R) UHD Graphics 620 (KBL GT2)
Vendor:   Intel
Version:  4.6 (Core Profile) Mesa 20.2.6
GLES:     0
 GL_3DFX_texture_compression_FXT1 GL_AMD_conservative_depth GL_AMD_depth_clamp_separate GL_AMD_draw_buffers_blend GL_AMD_gpu_shader_int64 GL_AMD_multi_draw_indirect GL_AMD_performance_monitor GL_AMD_pinned_memory GL_AMD_query_buffer_object GL_AMD_seamless_cubemap_per_texture GL_AMD_shader_stencil_export GL_AMD_shader_trinary_minmax GL_AMD_texture_texture4 GL_AMD_vertex_shader_layer GL_AMD_vertex_shader_viewport_index GL_ANGLE_texture_compression_dxt3 GL_ANGLE_texture_compression_dxt5 GL_ARB_ES2_compatibility GL_ARB_ES3_1_compatibility GL_ARB_ES3_2_compatibility GL_ARB_ES3_compatibility GL_ARB_arrays_of_arrays GL_ARB_base_instance GL_ARB_blend_func_extended GL_ARB_buffer_storage GL_ARB_clear_buffer_object GL_ARB_clear_texture GL_ARB_clip_control GL_ARB_compressed_texture_pixel_storage GL_ARB_compute_shader GL_ARB_compute_variable_group_size GL_ARB_conditional_render_inverted GL_ARB_conservative_depth GL_ARB_copy_buffer GL_ARB_copy_image GL_ARB_cull_distance GL_ARB_debug_output GL_ARB_depth_buffer_float GL_ARB
_depth_clamp GL_ARB_derivative_control GL_ARB_direct_state_access GL_ARB_draw_buffers GL_ARB_draw_buffers_blend GL_ARB_draw_elements_base_vertex GL_ARB_draw_indirect GL_ARB_draw_instanced GL_ARB_enhanced_layouts GL_ARB_explicit_attrib_location GL_ARB_explicit_uniform_location GL_ARB_fragment_coord_conventions GL_ARB_fragment_layer_viewport GL_ARB_fragment_shader GL_ARB_fragment_shader_interlock GL_ARB_framebuffer_no_attachments GL_ARB_framebuffer_object GL_ARB_framebuffer_sRGB GL_ARB_get_program_binary GL_ARB_get_texture_sub_image GL_ARB_gl_spirv GL_ARB_gpu_shader5 GL_ARB_gpu_shader_fp64 GL_ARB_gpu_shader_int64 GL_ARB_half_float_pixel GL_ARB_half_float_vertex GL_ARB_indirect_parameters GL_ARB_instanced_arrays GL_ARB_internalformat_query GL_ARB_internalformat_query2 GL_ARB_invalidate_subdata GL_ARB_map_buffer_alignment GL_ARB_map_buffer_range GL_ARB_multi_bind GL_ARB_multi_draw_indirect GL_ARB_occlusion_query2 GL_ARB_parallel_shader_compile GL_ARB_pipeline_statistics_query GL_ARB_pixel_buffer_object GL_ARB_po
int_sprite GL_ARB_polygon_offset_clamp GL_ARB_post_depth_coverage GL_ARB_program_interface_query GL_ARB_provoking_vertex GL_ARB_query_buffer_object GL_ARB_robust_buffer_access_behavior GL_ARB_robustness GL_ARB_sample_shading GL_ARB_sampler_objects GL_ARB_seamless_cube_map GL_ARB_seamless_cubemap_per_texture GL_ARB_separate_shader_objects GL_ARB_shader_atomic_counter_ops GL_ARB_shader_atomic_counters GL_ARB_shader_ballot GL_ARB_shader_bit_encoding GL_ARB_shader_clock GL_ARB_shader_draw_parameters GL_ARB_shader_group_vote GL_ARB_shader_image_load_store GL_ARB_shader_image_size GL_ARB_shader_objects GL_ARB_shader_precision GL_ARB_shader_stencil_export GL_ARB_shader_storage_buffer_object GL_ARB_shader_subroutine GL_ARB_shader_texture_image_samples GL_ARB_shader_texture_lod GL_ARB_shader_viewport_layer_array GL_ARB_shading_language_420pack GL_ARB_shading_language_include GL_ARB_shading_language_packing GL_ARB_spirv_extensions GL_ARB_stencil_texturing GL_ARB_sync GL_ARB_tessellation_shader GL_ARB_texture_barrier G
L_ARB_texture_buffer_object GL_ARB_texture_buffer_object_rgb32 GL_ARB_texture_buffer_range GL_ARB_texture_compression_bptc GL_ARB_texture_compression_rgtc GL_ARB_texture_cube_map_array GL_ARB_texture_filter_anisotropic GL_ARB_texture_float GL_ARB_texture_gather GL_ARB_texture_mirror_clamp_to_edge GL_ARB_texture_multisample GL_ARB_texture_non_power_of_two GL_ARB_texture_query_levels GL_ARB_texture_query_lod GL_ARB_texture_rectangle GL_ARB_texture_rg GL_ARB_texture_rgb10_a2ui GL_ARB_texture_stencil8 GL_ARB_texture_storage GL_ARB_texture_storage_multisample GL_ARB_texture_swizzle GL_ARB_texture_view GL_ARB_timer_query GL_ARB_transform_feedback2 GL_ARB_transform_feedback3 GL_ARB_transform_feedback_instanced GL_ARB_transform_feedback_overflow_query GL_ARB_uniform_buffer_object GL_ARB_vertex_array_bgra GL_ARB_vertex_array_object GL_ARB_vertex_attrib_64bit GL_ARB_vertex_attrib_binding GL_ARB_vertex_buffer_object GL_ARB_vertex_shader GL_ARB_vertex_type_10f_11f_11f_rev GL_ARB_vertex_type_2_10_10_10_rev GL_ARB_viewpor
t_array GL_ATI_blend_equation_separate GL_ATI_texture_float GL_EXT_EGL_image_storage GL_EXT_EGL_sync GL_EXT_abgr GL_EXT_blend_equation_separate GL_EXT_demote_to_helper_invocation GL_EXT_draw_buffers2 GL_EXT_draw_instanced GL_EXT_framebuffer_blit GL_EXT_framebuffer_multisample GL_EXT_framebuffer_multisample_blit_scaled GL_EXT_framebuffer_object GL_EXT_framebuffer_sRGB GL_EXT_packed_depth_stencil GL_EXT_packed_float GL_EXT_pixel_buffer_object GL_EXT_polygon_offset_clamp GL_EXT_provoking_vertex GL_EXT_shader_framebuffer_fetch GL_EXT_shader_framebuffer_fetch_non_coherent GL_EXT_shader_integer_mix GL_EXT_shader_samples_identical GL_EXT_texture_array GL_EXT_texture_compression_dxt1 GL_EXT_texture_compression_rgtc GL_EXT_texture_compression_s3tc GL_EXT_texture_filter_anisotropic GL_EXT_texture_integer GL_EXT_texture_sRGB GL_EXT_texture_sRGB_R8 GL_EXT_texture_sRGB_decode GL_EXT_texture_shadow_lod GL_EXT_texture_shared_exponent GL_EXT_texture_snorm GL_EXT_texture_swizzle GL_EXT_timer_query GL_EXT_transform_feedback G
L_EXT_vertex_array_bgra GL_EXT_vertex_attrib_64bit GL_IBM_multimode_draw_arrays GL_INTEL_blackhole_render GL_INTEL_conservative_rasterization GL_INTEL_performance_query GL_INTEL_shader_atomic_float_minmax GL_INTEL_shader_integer_functions2 GL_KHR_blend_equation_advanced GL_KHR_blend_equation_advanced_coherent GL_KHR_context_flush_control GL_KHR_debug GL_KHR_no_error GL_KHR_parallel_shader_compile GL_KHR_robust_buffer_access_behavior GL_KHR_robustness GL_KHR_texture_compression_astc_ldr GL_KHR_texture_compression_astc_sliced_3d GL_MESA_framebuffer_flip_y GL_MESA_pack_invert GL_MESA_shader_integer_functions GL_MESA_texture_signed_rgba GL_NV_compute_shader_derivatives GL_NV_conditional_render GL_NV_copy_image GL_NV_depth_clamp GL_NV_fragment_shader_interlock GL_NV_packed_depth_stencil GL_NV_texture_barrier GL_OES_EGL_image GL_S3_s3tc
OPENGL LOG: Creating OpenGL 4.6 graphics device ; Context level  <OpenGL 4.5> ; Context handle -888818384
Initialize mono
Mono path[0] = '/home/phong-tran/Unity Project/2020.3.8f1/Editor/Data/Managed'
Mono path[1] = '/home/phong-tran/Unity Project/2020.3.8f1/Editor/Data/MonoBleedingEdge/lib/mono/unityjit'
Mono config path = '/home/phong-tran/Unity Project/2020.3.8f1/Editor/Data/MonoBleedingEdge/etc'
Using monoOptions --debugger-agent=transport=dt_socket,embedding=1,server=y,suspend=n,address=127.0.0.1:56203
Begin MonoManager ReloadAssembly
Registering precompiled unity dll's ...
Trying to register platform support module: /home/phong-tran/Unity Project/2020.3.8f1/Editor/Data/PlaybackEngines/WindowsStandaloneSupport/UnityEditor.WindowsStandalone.Extensions.dll (that doesn't exist). Retrying without overrides.
Platform support module is not available: /home/phong-tran/Unity Project/2020.3.8f1/Editor/Data/PlaybackEngines/WindowsStandaloneSupport/UnityEditor.WindowsStandalone.Extensions.dll
Register platform support module: /home/phong-tran/Unity Project/2020.3.8f1/Editor/Data/PlaybackEngines/LinuxStandaloneSupport/UnityEditor.LinuxStandalone.Extensions.dll
Registered in 0.001274 seconds.
Native extension for LinuxStandalone target not found
Refreshing native plugins compatible for Editor in 25.95 ms, found 0 plugins.
Preloading 0 native plugins for Editor in 0.00 ms.
Mono: successfully reloaded assembly
- Completed reload, in  1.354 seconds
Platform modules already initialized, skipping
Registering precompiled user dll's ...
Registered in 0.000589 seconds.
Begin MonoManager ReloadAssembly
Native extension for LinuxStandalone target not found
Refreshing native plugins compatible for Editor in 0.34 ms, found 0 plugins.
Preloading 0 native plugins for Editor in 0.00 ms.
Mono: successfully reloaded assembly
- Completed reload, in  0.974 seconds
Platform modules already initialized, skipping
========================================================================
Worker process is ready to serve import requests
Launched and connected shader compiler UnityShaderCompiler after 0.01 seconds
Refreshing native plugins compatible for Editor in 0.33 ms, found 0 plugins.
Preloading 0 native plugins for Editor in 0.00 ms.
Unloading 1124 Unused Serialized files (Serialized files now loaded: 0)
System memory in use before: 51.8 MB.
System memory in use after: 51.8 MB.

Unloading 10 unused Assets to reduce memory usage. Loaded Objects now: 1567.
Total: 3.269606 ms (FindLiveObjects: 0.293883 ms CreateObjectMapping: 0.093039 ms MarkObjects: 2.711931 ms  DeleteObjects: 0.168344 ms)

========================================================================
Received Import Request.
  path: Assets/Prefabs/dog.blend
  artifactKey: Guid(e2b305377e5594a5f85829089f21b0f7) Importer(815301076,1909f56bfc062723c751e8b465ee728b)
Start importing Assets/Prefabs/dog.blend using Guid(e2b305377e5594a5f85829089f21b0f7) Importer(815301076,1909f56bfc062723c751e8b465ee728b)  -> (artifact id: '5918d14e33311dbf18bb7b4bd7d47f3a') in 0.238941 seconds
  Import took 0.241965 seconds .

========================================================================
Received Import Request.
  Time since last request: 0.000355 seconds.
  path: Assets/Prefabs/dog.fbx
  artifactKey: Guid(566a414d800956fa69acd7c7e08843d3) Importer(815301076,1909f56bfc062723c751e8b465ee728b)
Start importing Assets/Prefabs/dog.fbx using Guid(566a414d800956fa69acd7c7e08843d3) Importer(815301076,1909f56bfc062723c751e8b465ee728b)  -> (artifact id: 'b07da091cda230487317a082b8b36d82') in 0.048291 seconds
  Import took 0.051405 seconds .

========================================================================
Received Import Request.
  Time since last request: 4.449978 seconds.
  path: Assets/Prefabs/dog.blend1
  artifactKey: Guid(f748027b9ce6c7896b43a628295d4a76) Importer(815301076,1909f56bfc062723c751e8b465ee728b)
Start importing Assets/Prefabs/dog.blend1 using Guid(f748027b9ce6c7896b43a628295d4a76) Importer(815301076,1909f56bfc062723c751e8b465ee728b)  -> (artifact id: '5d0381010778d10286c519f4df8ea9bf') in 0.002009 seconds
  Import took 0.006007 seconds .

========================================================================
Received Import Request.
  Time since last request: 11.585111 seconds.
  path: Assets/Prefabs/dog.blend
  artifactKey: Guid(e2b305377e5594a5f85829089f21b0f7) Importer(815301076,1909f56bfc062723c751e8b465ee728b)
Start importing Assets/Prefabs/dog.blend using Guid(e2b305377e5594a5f85829089f21b0f7) Importer(815301076,1909f56bfc062723c751e8b465ee728b)  -> (artifact id: '939db96dbdb1bd803ad1518fec9183b2') in 0.043434 seconds
  Import took 0.046804 seconds .

========================================================================
Received Import Request.
  Time since last request: 0.000242 seconds.
  path: Assets/Prefabs/dog.blend1
  artifactKey: Guid(f748027b9ce6c7896b43a628295d4a76) Importer(815301076,1909f56bfc062723c751e8b465ee728b)
Start importing Assets/Prefabs/dog.blend1 using Guid(f748027b9ce6c7896b43a628295d4a76) Importer(815301076,1909f56bfc062723c751e8b465ee728b)  -> (artifact id: 'cd715a7ce214047516c7d2f9573e0f57') in 0.002661 seconds
  Import took 0.005935 seconds .

========================================================================
Received Import Request.
  Time since last request: 0.000523 seconds.
  path: Assets/Prefabs/dog.blend
  artifactKey: Guid(e2b305377e5594a5f85829089f21b0f7) Importer(815301076,1909f56bfc062723c751e8b465ee728b)
Start importing Assets/Prefabs/dog.blend using Guid(e2b305377e5594a5f85829089f21b0f7) Importer(815301076,1909f56bfc062723c751e8b465ee728b)  -> (artifact id: '939db96dbdb1bd803ad1518fec9183b2') in 0.057278 seconds
  Import took 0.060594 seconds .

========================================================================
Received Import Request.
  Time since last request: 580.532169 seconds.
  path: Assets/Prefabs/dog.blend
  artifactKey: Guid(e2b305377e5594a5f85829089f21b0f7) Importer(815301076,1909f56bfc062723c751e8b465ee728b)
Start importing Assets/Prefabs/dog.blend using Guid(e2b305377e5594a5f85829089f21b0f7) Importer(815301076,1909f56bfc062723c751e8b465ee728b)  -> (artifact id: 'f702b389091d851cc7a93815d2b9a87a') in 0.037104 seconds
  Import took 0.040449 seconds .

========================================================================
Received Import Request.
  Time since last request: 32.584741 seconds.
  path: Assets/Prefabs/dog.blend
  artifactKey: Guid(e2b305377e5594a5f85829089f21b0f7) Importer(815301076,1909f56bfc062723c751e8b465ee728b)
Start importing Assets/Prefabs/dog.blend using Guid(e2b305377e5594a5f85829089f21b0f7) Importer(815301076,1909f56bfc062723c751e8b465ee728b)  -> (artifact id: '860e8e2624e96227fc9b05fc78168e83') in 0.045833 seconds
  Import took 0.048352 seconds .

========================================================================
Received Import Request.
  Time since last request: 61.135247 seconds.
  path: Assets/Prefabs/dog.blend
  artifactKey: Guid(e2b305377e5594a5f85829089f21b0f7) Importer(815301076,1909f56bfc062723c751e8b465ee728b)
Start importing Assets/Prefabs/dog.blend using Guid(e2b305377e5594a5f85829089f21b0f7) Importer(815301076,1909f56bfc062723c751e8b465ee728b)  -> (artifact id: '89dfe20162a5c0ced8264da65d656292') in 0.046176 seconds
  Import took 0.049401 seconds .

========================================================================
Received Import Request.
  Time since last request: 13.478956 seconds.
  path: Assets/Prefabs/dog.blend
  artifactKey: Guid(e2b305377e5594a5f85829089f21b0f7) Importer(815301076,1909f56bfc062723c751e8b465ee728b)
Start importing Assets/Prefabs/dog.blend using Guid(e2b305377e5594a5f85829089f21b0f7) Importer(815301076,1909f56bfc062723c751e8b465ee728b)  -> (artifact id: 'a7f1be38a49abf44a65d958a6586d474') in 0.046036 seconds
  Import took 0.048444 seconds .

========================================================================
Received Prepare
Registering precompiled user dll's ...
Registered in 0.000554 seconds.
Begin MonoManager ReloadAssembly
Native extension for LinuxStandalone target not found
Refreshing native plugins compatible for Editor in 0.21 ms, found 0 plugins.
Preloading 0 native plugins for Editor in 0.00 ms.
Mono: successfully reloaded assembly
- Completed reload, in  0.785 seconds
Platform modules already initialized, skipping
Refreshing native plugins compatible for Editor in 0.20 ms, found 0 plugins.
Preloading 0 native plugins for Editor in 0.00 ms.
Unloading 1120 Unused Serialized files (Serialized files now loaded: 0)
System memory in use before: 53.5 MB.
System memory in use after: 53.6 MB.

Unloading 5 unused Assets to reduce memory usage. Loaded Objects now: 1613.
Total: 2.413183 ms (FindLiveObjects: 0.187561 ms CreateObjectMapping: 0.040169 ms MarkObjects: 2.126259 ms  DeleteObjects: 0.057685 ms)

========================================================================
Received Prepare
Registering precompiled user dll's ...
Registered in 0.000612 seconds.
Begin MonoManager ReloadAssembly
Native extension for LinuxStandalone target not found
Refreshing native plugins compatible for Editor in 0.23 ms, found 0 plugins.
Preloading 0 native plugins for Editor in 0.00 ms.
Mono: successfully reloaded assembly
- Completed reload, in  0.819 seconds
Platform modules already initialized, skipping
Refreshing native plugins compatible for Editor in 0.20 ms, found 0 plugins.
Preloading 0 native plugins for Editor in 0.00 ms.
Unloading 1120 Unused Serialized files (Serialized files now loaded: 0)
System memory in use before: 53.5 MB.
System memory in use after: 53.6 MB.

Unloading 5 unused Assets to reduce memory usage. Loaded Objects now: 1616.
Total: 2.241328 ms (FindLiveObjects: 0.170338 ms CreateObjectMapping: 0.036954 ms MarkObjects: 1.988533 ms  DeleteObjects: 0.044298 ms)

========================================================================
Received Prepare
Registering precompiled user dll's ...
Registered in 0.000709 seconds.
Begin MonoManager ReloadAssembly
Native extension for LinuxStandalone target not found
Refreshing native plugins compatible for Editor in 0.22 ms, found 0 plugins.
Preloading 0 native plugins for Editor in 0.00 ms.
Mono: successfully reloaded assembly
- Completed reload, in  0.773 seconds
Platform modules already initialized, skipping
Refreshing native plugins compatible for Editor in 0.22 ms, found 0 plugins.
Preloading 0 native plugins for Editor in 0.00 ms.
Unloading 1120 Unused Serialized files (Serialized files now loaded: 0)
System memory in use before: 53.6 MB.
System memory in use after: 53.6 MB.

Unloading 5 unused Assets to reduce memory usage. Loaded Objects now: 1619.
Total: 2.613942 ms (FindLiveObjects: 0.291902 ms CreateObjectMapping: 0.069044 ms MarkObjects: 2.198126 ms  DeleteObjects: 0.053290 ms)

========================================================================
Received Prepare
Registering precompiled user dll's ...
Registered in 0.000563 seconds.
Begin MonoManager ReloadAssembly
Native extension for LinuxStandalone target not found
Refreshing native plugins compatible for Editor in 0.25 ms, found 0 plugins.
Preloading 0 native plugins for Editor in 0.00 ms.
Mono: successfully reloaded assembly
- Completed reload, in  0.878 seconds
Platform modules already initialized, skipping
Refreshing native plugins compatible for Editor in 0.22 ms, found 0 plugins.
Preloading 0 native plugins for Editor in 0.00 ms.
Unloading 1120 Unused Serialized files (Serialized files now loaded: 0)
System memory in use before: 53.6 MB.
System memory in use after: 53.6 MB.

Unloading 5 unused Assets to reduce memory usage. Loaded Objects now: 1622.
Total: 2.318409 ms (FindLiveObjects: 0.200542 ms CreateObjectMapping: 0.053857 ms MarkObjects: 2.014848 ms  DeleteObjects: 0.047629 ms)

========================================================================
Received Prepare
Registering precompiled user dll's ...
Registered in 0.001408 seconds.
Begin MonoManager ReloadAssembly
Native extension for LinuxStandalone target not found
Refreshing native plugins compatible for Editor in 0.22 ms, found 0 plugins.
Preloading 0 native plugins for Editor in 0.00 ms.
Mono: successfully reloaded assembly
- Completed reload, in  0.727 seconds
Platform modules already initialized, skipping
Refreshing native plugins compatible for Editor in 0.20 ms, found 0 plugins.
Preloading 0 native plugins for Editor in 0.00 ms.
Unloading 1120 Unused Serialized files (Serialized files now loaded: 0)
System memory in use before: 53.6 MB.
System memory in use after: 53.6 MB.

Unloading 5 unused Assets to reduce memory usage. Loaded Objects now: 1625.
Total: 2.499454 ms (FindLiveObjects: 0.161843 ms CreateObjectMapping: 0.036483 ms MarkObjects: 2.248167 ms  DeleteObjects: 0.051657 ms)

========================================================================
Received Prepare
Registering precompiled user dll's ...
Registered in 0.000777 seconds.
Begin MonoManager ReloadAssembly
Native extension for LinuxStandalone target not found
Refreshing native plugins compatible for Editor in 0.22 ms, found 0 plugins.
Preloading 0 native plugins for Editor in 0.00 ms.
Mono: successfully reloaded assembly
- Completed reload, in  0.880 seconds
Platform modules already initialized, skipping
Refreshing native plugins compatible for Editor in 0.21 ms, found 0 plugins.
Preloading 0 native plugins for Editor in 0.00 ms.
Unloading 1120 Unused Serialized files (Serialized files now loaded: 0)
System memory in use before: 53.6 MB.
System memory in use after: 53.6 MB.

Unloading 5 unused Assets to reduce memory usage. Loaded Objects now: 1628.
Total: 2.294825 ms (FindLiveObjects: 0.166944 ms CreateObjectMapping: 0.035947 ms MarkObjects: 2.043892 ms  DeleteObjects: 0.046931 ms)

========================================================================
Received Import Request.
  Time since last request: 1609.500622 seconds.
  path: Assets/scripts/Player.cs
  artifactKey: Guid(4117916f072e0daa0b6b04651594425a) Importer(815301076,1909f56bfc062723c751e8b465ee728b)
Start importing Assets/scripts/Player.cs using Guid(4117916f072e0daa0b6b04651594425a) Importer(815301076,1909f56bfc062723c751e8b465ee728b)  -> (artifact id: '9c3f43af4ef85a49e5a917bad9a033c8') in 0.004856 seconds
  Import took 0.007074 seconds .

========================================================================
Received Import Request.
  Time since last request: 0.000971 seconds.
  path: Assets/scripts/Player.cs
  artifactKey: Guid(4117916f072e0daa0b6b04651594425a) Importer(815301076,1909f56bfc062723c751e8b465ee728b)
Start importing Assets/scripts/Player.cs using Guid(4117916f072e0daa0b6b04651594425a) Importer(815301076,1909f56bfc062723c751e8b465ee728b)  -> (artifact id: '9c3f43af4ef85a49e5a917bad9a033c8') in 0.000705 seconds
  Import took 0.002572 seconds .

========================================================================
Received Import Request.
  Time since last request: 482.039231 seconds.
  path: Assets/scripts/Player.cs
  artifactKey: Guid(4117916f072e0daa0b6b04651594425a) Importer(815301076,1909f56bfc062723c751e8b465ee728b)
Start importing Assets/scripts/Player.cs using Guid(4117916f072e0daa0b6b04651594425a) Importer(815301076,1909f56bfc062723c751e8b465ee728b)  -> (artifact id: '2139f1111bdd7ed3fa35a1301cdb68df') in 0.015659 seconds
  Import took 0.019002 seconds .

========================================================================
Received Import Request.
  Time since last request: 61.365428 seconds.
  path: Assets/scripts/Player.cs
  artifactKey: Guid(4117916f072e0daa0b6b04651594425a) Importer(815301076,1909f56bfc062723c751e8b465ee728b)
Start importing Assets/scripts/Player.cs using Guid(4117916f072e0daa0b6b04651594425a) Importer(815301076,1909f56bfc062723c751e8b465ee728b)  -> (artifact id: '7589e16792903e5c5c1e07dcf328a6df') in 0.000843 seconds
  Import took 0.004106 seconds .

========================================================================
Received Prepare
Registering precompiled user dll's ...
Registered in 0.000951 seconds.
Begin MonoManager ReloadAssembly
Native extension for LinuxStandalone target not found
Refreshing native plugins compatible for Editor in 0.31 ms, found 0 plugins.
Preloading 0 native plugins for Editor in 0.00 ms.
Mono: successfully reloaded assembly
- Completed reload, in  1.233 seconds
Platform modules already initialized, skipping
Refreshing native plugins compatible for Editor in 0.44 ms, found 0 plugins.
Preloading 0 native plugins for Editor in 0.00 ms.
Unloading 1120 Unused Serialized files (Serialized files now loaded: 0)
System memory in use before: 53.6 MB.
System memory in use after: 53.7 MB.

Unloading 5 unused Assets to reduce memory usage. Loaded Objects now: 1631.
Total: 5.564815 ms (FindLiveObjects: 0.546205 ms CreateObjectMapping: 0.138372 ms MarkObjects: 4.793650 ms  DeleteObjects: 0.080224 ms)

========================================================================
Received Prepare
Registering precompiled user dll's ...
Registered in 0.000612 seconds.
Begin MonoManager ReloadAssembly
Native extension for LinuxStandalone target not found
Refreshing native plugins compatible for Editor in 0.24 ms, found 0 plugins.
Preloading 0 native plugins for Editor in 0.00 ms.
Mono: successfully reloaded assembly
- Completed reload, in  0.925 seconds
Platform modules already initialized, skipping
Refreshing native plugins compatible for Editor in 0.21 ms, found 0 plugins.
Preloading 0 native plugins for Editor in 0.00 ms.
Unloading 1120 Unused Serialized files (Serialized files now loaded: 0)
System memory in use before: 53.6 MB.
System memory in use after: 53.7 MB.

Unloading 5 unused Assets to reduce memory usage. Loaded Objects now: 1634.
Total: 2.307628 ms (FindLiveObjects: 0.147002 ms CreateObjectMapping: 0.035178 ms MarkObjects: 2.075962 ms  DeleteObjects: 0.048402 ms)

========================================================================
Received Import Request.
  Time since last request: 191.210912 seconds.
  path: Assets/scripts/camera.cs
  artifactKey: Guid(c53f2d2d39fbf39a2a6a1ef3753c8860) Importer(815301076,1909f56bfc062723c751e8b465ee728b)
Start importing Assets/scripts/camera.cs using Guid(c53f2d2d39fbf39a2a6a1ef3753c8860) Importer(815301076,1909f56bfc062723c751e8b465ee728b)  -> (artifact id: '1ece1b71db6042cfb6191635d8ba6e02') in 0.002856 seconds
  Import took 0.005028 seconds .

========================================================================
Received Import Request.
  Time since last request: 0.005256 seconds.
  path: Assets/scripts/camera.cs
  artifactKey: Guid(c53f2d2d39fbf39a2a6a1ef3753c8860) Importer(815301076,1909f56bfc062723c751e8b465ee728b)
Start importing Assets/scripts/camera.cs using Guid(c53f2d2d39fbf39a2a6a1ef3753c8860) Importer(815301076,1909f56bfc062723c751e8b465ee728b)  -> (artifact id: '1ece1b71db6042cfb6191635d8ba6e02') in 0.000696 seconds
  Import took 0.002735 seconds .

========================================================================
Received Import Request.
  Time since last request: 1.777089 seconds.
  path: Assets/scripts/Player.cs
  artifactKey: Guid(4117916f072e0daa0b6b04651594425a) Importer(815301076,1909f56bfc062723c751e8b465ee728b)
Start importing Assets/scripts/Player.cs using Guid(4117916f072e0daa0b6b04651594425a) Importer(815301076,1909f56bfc062723c751e8b465ee728b)  -> (artifact id: '1db7f2fc6f32bd10c9a9defb4b21ddb5') in 0.000899 seconds
  Import took 0.004399 seconds .

========================================================================
Received Import Request.
  Time since last request: 0.004774 seconds.
  path: Assets/scripts/Player.cs
  artifactKey: Guid(4117916f072e0daa0b6b04651594425a) Importer(815301076,1909f56bfc062723c751e8b465ee728b)
Start importing Assets/scripts/Player.cs using Guid(4117916f072e0daa0b6b04651594425a) Importer(815301076,1909f56bfc062723c751e8b465ee728b)  -> (artifact id: '1db7f2fc6f32bd10c9a9defb4b21ddb5') in 0.000817 seconds
  Import took 0.002942 seconds .

========================================================================
Received Import Request.
  Time since last request: 8.028630 seconds.
  path: Assets/scripts/Dog.cs
  artifactKey: Guid(4117916f072e0daa0b6b04651594425a) Importer(815301076,1909f56bfc062723c751e8b465ee728b)
Start importing Assets/scripts/Dog.cs using Guid(4117916f072e0daa0b6b04651594425a) Importer(815301076,1909f56bfc062723c751e8b465ee728b)  -> (artifact id: 'd956ad2763ede4768e862452bcc111b7') in 0.074598 seconds
  Import took 0.078137 seconds .

========================================================================
Received Prepare
Registering precompiled user dll's ...
Registered in 0.000526 seconds.
Begin MonoManager ReloadAssembly
Native extension for LinuxStandalone target not found
Refreshing native plugins compatible for Editor in 0.39 ms, found 0 plugins.
Preloading 0 native plugins for Editor in 0.00 ms.
Mono: successfully reloaded assembly
- Completed reload, in  0.948 seconds
Platform modules already initialized, skipping
Refreshing native plugins compatible for Editor in 0.21 ms, found 0 plugins.
Preloading 0 native plugins for Editor in 0.00 ms.
Unloading 1120 Unused Serialized files (Serialized files now loaded: 0)
System memory in use before: 53.6 MB.
System memory in use after: 53.7 MB.

Unloading 5 unused Assets to reduce memory usage. Loaded Objects now: 1637.
Total: 2.376881 ms (FindLiveObjects: 0.200836 ms CreateObjectMapping: 0.053627 ms MarkObjects: 2.072411 ms  DeleteObjects: 0.048783 ms)

========================================================================
Received Prepare
Registering precompiled user dll's ...
Registered in 0.000767 seconds.
Begin MonoManager ReloadAssembly
Native extension for LinuxStandalone target not found
Refreshing native plugins compatible for Editor in 0.23 ms, found 0 plugins.
Preloading 0 native plugins for Editor in 0.00 ms.
Mono: successfully reloaded assembly
- Completed reload, in  0.832 seconds
Platform modules already initialized, skipping
Refreshing native plugins compatible for Editor in 0.21 ms, found 0 plugins.
Preloading 0 native plugins for Editor in 0.00 ms.
Unloading 1121 Unused Serialized files (Serialized files now loaded: 0)
System memory in use before: 53.6 MB.
System memory in use after: 53.7 MB.

Unloading 5 unused Assets to reduce memory usage. Loaded Objects now: 1641.
Total: 2.272566 ms (FindLiveObjects: 0.197401 ms CreateObjectMapping: 0.048107 ms MarkObjects: 1.978973 ms  DeleteObjects: 0.046522 ms)

========================================================================
Received Import Request.
  Time since last request: 57.104942 seconds.
  path: Assets/scripts/Player.cs
  artifactKey: Guid(862660fd98f164a6597f0e497c57d111) Importer(815301076,1909f56bfc062723c751e8b465ee728b)
Start importing Assets/scripts/Player.cs using Guid(862660fd98f164a6597f0e497c57d111) Importer(815301076,1909f56bfc062723c751e8b465ee728b)  -> (artifact id: '091a5dbe56db1aaf97a0eb68d920a780') in 0.004105 seconds
  Import took 0.007630 seconds .

========================================================================
Received Prepare
Registering precompiled user dll's ...
Registered in 0.001108 seconds.
Begin MonoManager ReloadAssembly
Native extension for LinuxStandalone target not found
Refreshing native plugins compatible for Editor in 0.47 ms, found 0 plugins.
Preloading 0 native plugins for Editor in 0.00 ms.
Mono: successfully reloaded assembly
- Completed reload, in  0.808 seconds
Platform modules already initialized, skipping
Refreshing native plugins compatible for Editor in 0.20 ms, found 0 plugins.
Preloading 0 native plugins for Editor in 0.00 ms.
Unloading 1120 Unused Serialized files (Serialized files now loaded: 0)
System memory in use before: 53.6 MB.
System memory in use after: 53.7 MB.

Unloading 6 unused Assets to reduce memory usage. Loaded Objects now: 1643.
Total: 2.338584 ms (FindLiveObjects: 0.198899 ms CreateObjectMapping: 0.048415 ms MarkObjects: 2.031353 ms  DeleteObjects: 0.058605 ms)

========================================================================
Received Prepare
Registering precompiled user dll's ...
Registered in 0.000526 seconds.
Begin MonoManager ReloadAssembly
Native extension for LinuxStandalone target not found
Refreshing native plugins compatible for Editor in 0.22 ms, found 0 plugins.
Preloading 0 native plugins for Editor in 0.00 ms.
Mono: successfully reloaded assembly
- Completed reload, in  0.853 seconds
Platform modules already initialized, skipping
Refreshing native plugins compatible for Editor in 0.22 ms, found 0 plugins.
Preloading 0 native plugins for Editor in 0.00 ms.
Unloading 1121 Unused Serialized files (Serialized files now loaded: 0)
System memory in use before: 53.7 MB.
System memory in use after: 53.7 MB.

Unloading 5 unused Assets to reduce memory usage. Loaded Objects now: 1647.
Total: 2.497277 ms (FindLiveObjects: 0.202162 ms CreateObjectMapping: 0.045347 ms MarkObjects: 2.195594 ms  DeleteObjects: 0.052923 ms)

========================================================================
Received Prepare
Registering precompiled user dll's ...
Registered in 0.000686 seconds.
Begin MonoManager ReloadAssembly
Native extension for LinuxStandalone target not found
Refreshing native plugins compatible for Editor in 0.23 ms, found 0 plugins.
Preloading 0 native plugins for Editor in 0.00 ms.
Mono: successfully reloaded assembly
- Completed reload, in  0.908 seconds
Platform modules already initialized, skipping
Refreshing native plugins compatible for Editor in 0.21 ms, found 0 plugins.
Preloading 0 native plugins for Editor in 0.00 ms.
Unloading 1120 Unused Serialized files (Serialized files now loaded: 0)
System memory in use before: 53.7 MB.
System memory in use after: 53.7 MB.

Unloading 6 unused Assets to reduce memory usage. Loaded Objects now: 1649.
Total: 3.114778 ms (FindLiveObjects: 0.253499 ms CreateObjectMapping: 0.076825 ms MarkObjects: 2.710600 ms  DeleteObjects: 0.072141 ms)

========================================================================
Received Prepare
Registering precompiled user dll's ...
Registered in 0.000620 seconds.
Begin MonoManager ReloadAssembly
Native extension for LinuxStandalone target not found
Refreshing native plugins compatible for Editor in 0.23 ms, found 0 plugins.
Preloading 0 native plugins for Editor in 0.00 ms.
Mono: successfully reloaded assembly
- Completed reload, in  0.965 seconds
Platform modules already initialized, skipping
Refreshing native plugins compatible for Editor in 0.33 ms, found 0 plugins.
Preloading 0 native plugins for Editor in 0.00 ms.
Unloading 1120 Unused Serialized files (Serialized files now loaded: 0)
System memory in use before: 53.7 MB.
System memory in use after: 53.7 MB.

Unloading 5 unused Assets to reduce memory usage. Loaded Objects now: 1652.
Total: 3.596210 ms (FindLiveObjects: 0.355376 ms CreateObjectMapping: 0.104387 ms MarkObjects: 3.081561 ms  DeleteObjects: 0.052676 ms)

========================================================================
Received Prepare
Registering precompiled user dll's ...
Registered in 0.000649 seconds.
Begin MonoManager ReloadAssembly
Native extension for LinuxStandalone target not found
Refreshing native plugins compatible for Editor in 0.25 ms, found 0 plugins.
Preloading 0 native plugins for Editor in 0.00 ms.
Mono: successfully reloaded assembly
- Completed reload, in  0.921 seconds
Platform modules already initialized, skipping
Refreshing native plugins compatible for Editor in 0.25 ms, found 0 plugins.
Preloading 0 native plugins for Editor in 0.00 ms.
Unloading 1120 Unused Serialized files (Serialized files now loaded: 0)
System memory in use before: 53.7 MB.
System memory in use after: 53.7 MB.

Unloading 5 unused Assets to reduce memory usage. Loaded Objects now: 1655.
Total: 2.528080 ms (FindLiveObjects: 0.235727 ms CreateObjectMapping: 0.039817 ms MarkObjects: 2.169142 ms  DeleteObjects: 0.081639 ms)

========================================================================
Received Prepare
Registering precompiled user dll's ...
Registered in 0.000910 seconds.
Begin MonoManager ReloadAssembly
Native extension for LinuxStandalone target not found
Refreshing native plugins compatible for Editor in 0.21 ms, found 0 plugins.
Preloading 0 native plugins for Editor in 0.00 ms.
Mono: successfully reloaded assembly
- Completed reload, in  0.840 seconds
Platform modules already initialized, skipping
Refreshing native plugins compatible for Editor in 0.21 ms, found 0 plugins.
Preloading 0 native plugins for Editor in 0.00 ms.
Unloading 1121 Unused Serialized files (Serialized files now loaded: 0)
System memory in use before: 53.7 MB.
System memory in use after: 53.8 MB.

Unloading 5 unused Assets to reduce memory usage. Loaded Objects now: 1659.
Total: 2.774024 ms (FindLiveObjects: 0.293301 ms CreateObjectMapping: 0.076779 ms MarkObjects: 2.341798 ms  DeleteObjects: 0.058622 ms)

========================================================================
Received Import Request.
  Time since last request: 212.039865 seconds.
  path: Assets/Dog.cs
  artifactKey: Guid(dee7a5917b407a402b2f8a6d82983506) Importer(815301076,1909f56bfc062723c751e8b465ee728b)
Start importing Assets/Dog.cs using Guid(dee7a5917b407a402b2f8a6d82983506) Importer(815301076,1909f56bfc062723c751e8b465ee728b)  -> (artifact id: '6be4cb7ae985c5e71a272cea35c9c7a5') in 0.004193 seconds
  Import took 0.007330 seconds .

========================================================================
Received Import Request.
  Time since last request: 0.001405 seconds.
  path: Assets/Dog.cs
  artifactKey: Guid(dee7a5917b407a402b2f8a6d82983506) Importer(815301076,1909f56bfc062723c751e8b465ee728b)
Start importing Assets/Dog.cs using Guid(dee7a5917b407a402b2f8a6d82983506) Importer(815301076,1909f56bfc062723c751e8b465ee728b)  -> (artifact id: '6be4cb7ae985c5e71a272cea35c9c7a5') in 0.000950 seconds
  Import took 0.003843 seconds .

========================================================================
Received Prepare
Registering precompiled user dll's ...
Registered in 0.000895 seconds.
Begin MonoManager ReloadAssembly
Native extension for LinuxStandalone target not found
Refreshing native plugins compatible for Editor in 0.23 ms, found 0 plugins.
Preloading 0 native plugins for Editor in 0.00 ms.
Mono: successfully reloaded assembly
- Completed reload, in  0.836 seconds
Platform modules already initialized, skipping
Refreshing native plugins compatible for Editor in 0.28 ms, found 0 plugins.
Preloading 0 native plugins for Editor in 0.00 ms.
Unloading 1120 Unused Serialized files (Serialized files now loaded: 0)
System memory in use before: 53.7 MB.
System memory in use after: 53.7 MB.

Unloading 6 unused Assets to reduce memory usage. Loaded Objects now: 1661.
Total: 2.966592 ms (FindLiveObjects: 0.210191 ms CreateObjectMapping: 0.051408 ms MarkObjects: 2.636938 ms  DeleteObjects: 0.066150 ms)

========================================================================
Received Prepare
Registering precompiled user dll's ...
Registered in 0.000612 seconds.
Begin MonoManager ReloadAssembly
Native extension for LinuxStandalone target not found
Refreshing native plugins compatible for Editor in 0.27 ms, found 0 plugins.
Preloading 0 native plugins for Editor in 0.00 ms.
Mono: successfully reloaded assembly
- Completed reload, in  0.876 seconds
Platform modules already initialized, skipping
Refreshing native plugins compatible for Editor in 0.24 ms, found 0 plugins.
Preloading 0 native plugins for Editor in 0.00 ms.
Unloading 1120 Unused Serialized files (Serialized files now loaded: 0)
System memory in use before: 53.7 MB.
System memory in use after: 53.7 MB.

Unloading 5 unused Assets to reduce memory usage. Loaded Objects now: 1664.
Total: 2.850416 ms (FindLiveObjects: 0.213817 ms CreateObjectMapping: 0.049446 ms MarkObjects: 2.506923 ms  DeleteObjects: 0.079103 ms)

========================================================================
Received Prepare
Registering precompiled user dll's ...
Registered in 0.000534 seconds.
Begin MonoManager ReloadAssembly
Native extension for LinuxStandalone target not found
Refreshing native plugins compatible for Editor in 0.22 ms, found 0 plugins.
Preloading 0 native plugins for Editor in 0.00 ms.
Mono: successfully reloaded assembly
- Completed reload, in  0.816 seconds
Platform modules already initialized, skipping
Refreshing native plugins compatible for Editor in 0.20 ms, found 0 plugins.
Preloading 0 native plugins for Editor in 0.00 ms.
Unloading 1121 Unused Serialized files (Serialized files now loaded: 0)
System memory in use before: 53.7 MB.
System memory in use after: 53.8 MB.

Unloading 5 unused Assets to reduce memory usage. Loaded Objects now: 1668.
Total: 2.357576 ms (FindLiveObjects: 0.171353 ms CreateObjectMapping: 0.054124 ms MarkObjects: 2.079051 ms  DeleteObjects: 0.051740 ms)

========================================================================
Received Import Request.
  Time since last request: 71.790087 seconds.
  path: Assets/Dog.cs
  artifactKey: Guid(dee7a5917b407a402b2f8a6d82983506) Importer(815301076,1909f56bfc062723c751e8b465ee728b)
Start importing Assets/Dog.cs using Guid(dee7a5917b407a402b2f8a6d82983506) Importer(815301076,1909f56bfc062723c751e8b465ee728b)  -> (artifact id: 'bd1573f8ae8b0bd6ca54c7c6b1b19bc8') in 0.005638 seconds
  Import took 0.008809 seconds .

========================================================================
Received Import Request.
  Time since last request: 0.011881 seconds.
  path: Assets/Dog.cs
  artifactKey: Guid(dee7a5917b407a402b2f8a6d82983506) Importer(815301076,1909f56bfc062723c751e8b465ee728b)
Start importing Assets/Dog.cs using Guid(dee7a5917b407a402b2f8a6d82983506) Importer(815301076,1909f56bfc062723c751e8b465ee728b)  -> (artifact id: 'bd1573f8ae8b0bd6ca54c7c6b1b19bc8') in 0.000921 seconds
  Import took 0.004021 seconds .

========================================================================
Received Prepare
Registering precompiled user dll's ...
Registered in 0.000703 seconds.
Begin MonoManager ReloadAssembly
Native extension for LinuxStandalone target not found
Refreshing native plugins compatible for Editor in 0.25 ms, found 0 plugins.
Preloading 0 native plugins for Editor in 0.00 ms.
Mono: successfully reloaded assembly
- Completed reload, in  0.876 seconds
Platform modules already initialized, skipping
Refreshing native plugins compatible for Editor in 0.20 ms, found 0 plugins.
Preloading 0 native plugins for Editor in 0.00 ms.
Unloading 1120 Unused Serialized files (Serialized files now loaded: 0)
System memory in use before: 53.7 MB.
System memory in use after: 53.8 MB.

Unloading 6 unused Assets to reduce memory usage. Loaded Objects now: 1670.
Total: 2.630631 ms (FindLiveObjects: 0.294836 ms CreateObjectMapping: 0.055228 ms MarkObjects: 2.220300 ms  DeleteObjects: 0.058926 ms)

========================================================================
Received Prepare
Registering precompiled user dll's ...
Registered in 0.000526 seconds.
Begin MonoManager ReloadAssembly
Native extension for LinuxStandalone target not found
Refreshing native plugins compatible for Editor in 0.26 ms, found 0 plugins.
Preloading 0 native plugins for Editor in 0.00 ms.
Mono: successfully reloaded assembly
- Completed reload, in  0.858 seconds
Platform modules already initialized, skipping
Refreshing native plugins compatible for Editor in 0.23 ms, found 0 plugins.
Preloading 0 native plugins for Editor in 0.00 ms.
Unloading 1120 Unused Serialized files (Serialized files now loaded: 0)
System memory in use before: 53.7 MB.
System memory in use after: 53.8 MB.

Unloading 5 unused Assets to reduce memory usage. Loaded Objects now: 1673.
Total: 2.522528 ms (FindLiveObjects: 0.153807 ms CreateObjectMapping: 0.038314 ms MarkObjects: 2.253293 ms  DeleteObjects: 0.075898 ms)

========================================================================
Received Prepare
Registering precompiled user dll's ...
Registered in 0.000591 seconds.
Begin MonoManager ReloadAssembly
Native extension for LinuxStandalone target not found
Refreshing native plugins compatible for Editor in 0.31 ms, found 0 plugins.
Preloading 0 native plugins for Editor in 0.00 ms.
Mono: successfully reloaded assembly
- Completed reload, in  0.836 seconds
Platform modules already initialized, skipping
Refreshing native plugins compatible for Editor in 0.37 ms, found 0 plugins.
Preloading 0 native plugins for Editor in 0.00 ms.
Unloading 1121 Unused Serialized files (Serialized files now loaded: 0)
System memory in use before: 53.7 MB.
System memory in use after: 53.8 MB.

Unloading 5 unused Assets to reduce memory usage. Loaded Objects now: 1677.
Total: 5.487380 ms (FindLiveObjects: 0.242381 ms CreateObjectMapping: 0.053875 ms MarkObjects: 5.139387 ms  DeleteObjects: 0.050471 ms)

========================================================================
Received Prepare
Registering precompiled user dll's ...
Registered in 0.000525 seconds.
Begin MonoManager ReloadAssembly
Native extension for LinuxStandalone target not found
Refreshing native plugins compatible for Editor in 0.37 ms, found 0 plugins.
Preloading 0 native plugins for Editor in 0.00 ms.
Mono: successfully reloaded assembly
- Completed reload, in  0.858 seconds
Platform modules already initialized, skipping
Refreshing native plugins compatible for Editor in 0.20 ms, found 0 plugins.
Preloading 0 native plugins for Editor in 0.00 ms.
Unloading 1120 Unused Serialized files (Serialized files now loaded: 0)
System memory in use before: 53.7 MB.
System memory in use after: 53.8 MB.

Unloading 6 unused Assets to reduce memory usage. Loaded Objects now: 1679.
Total: 2.464134 ms (FindLiveObjects: 0.200659 ms CreateObjectMapping: 0.037454 ms MarkObjects: 2.170800 ms  DeleteObjects: 0.053822 ms)

========================================================================
Received Import Request.
  Time since last request: 100.263864 seconds.
  path: Assets/Dogmovement.cs
  artifactKey: Guid(939a13990f1ee144789c9dc304f6e0e4) Importer(815301076,1909f56bfc062723c751e8b465ee728b)
Start importing Assets/Dogmovement.cs using Guid(939a13990f1ee144789c9dc304f6e0e4) Importer(815301076,1909f56bfc062723c751e8b465ee728b)  -> (artifact id: '4171af67dd53f96f6dda3d41b271c4cb') in 0.003061 seconds
  Import took 0.005439 seconds .

========================================================================
Received Import Request.
  Time since last request: 0.005969 seconds.
  path: Assets/Dogmovement.cs
  artifactKey: Guid(939a13990f1ee144789c9dc304f6e0e4) Importer(815301076,1909f56bfc062723c751e8b465ee728b)
Start importing Assets/Dogmovement.cs using Guid(939a13990f1ee144789c9dc304f6e0e4) Importer(815301076,1909f56bfc062723c751e8b465ee728b)  -> (artifact id: '4171af67dd53f96f6dda3d41b271c4cb') in 0.000685 seconds
  Import took 0.002594 seconds .

========================================================================
Received Prepare
Registering precompiled user dll's ...
Registered in 0.000722 seconds.
Begin MonoManager ReloadAssembly
Native extension for LinuxStandalone target not found
Refreshing native plugins compatible for Editor in 0.38 ms, found 0 plugins.
Preloading 0 native plugins for Editor in 0.00 ms.
Mono: successfully reloaded assembly
- Completed reload, in  0.815 seconds
Platform modules already initialized, skipping
Refreshing native plugins compatible for Editor in 0.19 ms, found 0 plugins.
Preloading 0 native plugins for Editor in 0.00 ms.
Unloading 1120 Unused Serialized files (Serialized files now loaded: 0)
System memory in use before: 53.7 MB.
System memory in use after: 53.8 MB.

Unloading 5 unused Assets to reduce memory usage. Loaded Objects now: 1682.
Total: 2.309410 ms (FindLiveObjects: 0.172366 ms CreateObjectMapping: 0.046192 ms MarkObjects: 2.044907 ms  DeleteObjects: 0.044798 ms)

========================================================================
Received Import Request.
  Time since last request: 31.492202 seconds.
  path: Assets/Dogmovement.cs
  artifactKey: Guid(939a13990f1ee144789c9dc304f6e0e4) Importer(815301076,1909f56bfc062723c751e8b465ee728b)
Start importing Assets/Dogmovement.cs using Guid(939a13990f1ee144789c9dc304f6e0e4) Importer(815301076,1909f56bfc062723c751e8b465ee728b)  -> (artifact id: 'f8071dd34f5c1ad65af34cb0cc690d93') in 0.002585 seconds
  Import took 0.004294 seconds .

========================================================================
Received Prepare
Registering precompiled user dll's ...
Registered in 0.000529 seconds.
Begin MonoManager ReloadAssembly
Native extension for LinuxStandalone target not found
Refreshing native plugins compatible for Editor in 0.37 ms, found 0 plugins.
Preloading 0 native plugins for Editor in 0.00 ms.
Mono: successfully reloaded assembly
- Completed reload, in  0.847 seconds
Platform modules already initialized, skipping
Refreshing native plugins compatible for Editor in 0.20 ms, found 0 plugins.
Preloading 0 native plugins for Editor in 0.00 ms.
Unloading 1120 Unused Serialized files (Serialized files now loaded: 0)
System memory in use before: 53.7 MB.
System memory in use after: 53.8 MB.

Unloading 5 unused Assets to reduce memory usage. Loaded Objects now: 1685.
Total: 2.466616 ms (FindLiveObjects: 0.175461 ms CreateObjectMapping: 0.050456 ms MarkObjects: 2.185404 ms  DeleteObjects: 0.053771 ms)

========================================================================
Received Prepare
Registering precompiled user dll's ...
Registered in 0.001017 seconds.
Begin MonoManager ReloadAssembly
Native extension for LinuxStandalone target not found
Refreshing native plugins compatible for Editor in 0.21 ms, found 0 plugins.
Preloading 0 native plugins for Editor in 0.00 ms.
Mono: successfully reloaded assembly
- Completed reload, in  0.885 seconds
Platform modules already initialized, skipping
Refreshing native plugins compatible for Editor in 0.21 ms, found 0 plugins.
Preloading 0 native plugins for Editor in 0.00 ms.
Unloading 1120 Unused Serialized files (Serialized files now loaded: 0)
System memory in use before: 53.7 MB.
System memory in use after: 53.8 MB.

Unloading 5 unused Assets to reduce memory usage. Loaded Objects now: 1688.
Total: 2.489482 ms (FindLiveObjects: 0.177943 ms CreateObjectMapping: 0.042568 ms MarkObjects: 2.215381 ms  DeleteObjects: 0.052500 ms)

========================================================================
Received Prepare
Registering precompiled user dll's ...
Registered in 0.000549 seconds.
Begin MonoManager ReloadAssembly
Native extension for LinuxStandalone target not found
Refreshing native plugins compatible for Editor in 0.24 ms, found 0 plugins.
Preloading 0 native plugins for Editor in 0.00 ms.
Mono: successfully reloaded assembly
- Completed reload, in  0.915 seconds
Platform modules already initialized, skipping
Refreshing native plugins compatible for Editor in 0.21 ms, found 0 plugins.
Preloading 0 native plugins for Editor in 0.00 ms.
Unloading 1120 Unused Serialized files (Serialized files now loaded: 0)
System memory in use before: 53.7 MB.
System memory in use after: 53.8 MB.

Unloading 5 unused Assets to reduce memory usage. Loaded Objects now: 1691.
Total: 2.360283 ms (FindLiveObjects: 0.170183 ms CreateObjectMapping: 0.038245 ms MarkObjects: 2.099411 ms  DeleteObjects: 0.051269 ms)

========================================================================
Received Import Request.
  Time since last request: 159.269587 seconds.
  path: Assets/Prefabs/dog.blend
  artifactKey: Guid(e2b305377e5594a5f85829089f21b0f7) Importer(815301076,1909f56bfc062723c751e8b465ee728b)
Start importing Assets/Prefabs/dog.blend using Guid(e2b305377e5594a5f85829089f21b0f7) Importer(815301076,1909f56bfc062723c751e8b465ee728b)  -> (artifact id: 'eb968fec04f2c67e8b7125d6e9426372') in 0.255692 seconds
  Import took 0.258138 seconds .

========================================================================
Received Import Request.
  Time since last request: 36.694749 seconds.
  path: Assets/Prefabs/dog.blend
  artifactKey: Guid(e2b305377e5594a5f85829089f21b0f7) Importer(815301076,1909f56bfc062723c751e8b465ee728b)
Start importing Assets/Prefabs/dog.blend using Guid(e2b305377e5594a5f85829089f21b0f7) Importer(815301076,1909f56bfc062723c751e8b465ee728b)  -> (artifact id: 'a4886e33a68a2681e4687e04a815d520') in 0.053346 seconds
  Import took 0.057616 seconds .

========================================================================
Received Import Request.
  Time since last request: 64.629019 seconds.
  path: Assets/Prefabs/dog.blend
  artifactKey: Guid(e2b305377e5594a5f85829089f21b0f7) Importer(815301076,1909f56bfc062723c751e8b465ee728b)
Start importing Assets/Prefabs/dog.blend using Guid(e2b305377e5594a5f85829089f21b0f7) Importer(815301076,1909f56bfc062723c751e8b465ee728b)  -> (artifact id: 'cf9cd8ca5cdc513c223b81fdc2b084d3') in 0.049783 seconds
  Import took 0.053135 seconds .

========================================================================
Received Import Request.
  Time since last request: 0.005094 seconds.
  path: Assets/Prefabs/dog.blend
  artifactKey: Guid(e2b305377e5594a5f85829089f21b0f7) Importer(815301076,1909f56bfc062723c751e8b465ee728b)
Start importing Assets/Prefabs/dog.blend using Guid(e2b305377e5594a5f85829089f21b0f7) Importer(815301076,1909f56bfc062723c751e8b465ee728b)  -> (artifact id: 'cf9cd8ca5cdc513c223b81fdc2b084d3') in 0.049540 seconds
  Import took 0.052796 seconds .

========================================================================
Received Import Request.
  Time since last request: 68.696030 seconds.
  path: Assets/Prefabs/dog.blend
  artifactKey: Guid(e2b305377e5594a5f85829089f21b0f7) Importer(815301076,1909f56bfc062723c751e8b465ee728b)
Start importing Assets/Prefabs/dog.blend using Guid(e2b305377e5594a5f85829089f21b0f7) Importer(815301076,1909f56bfc062723c751e8b465ee728b)  -> (artifact id: '1f58e67692bff10583106bac54e0df88') in 0.047159 seconds
  Import took 0.050545 seconds .

========================================================================
Received Prepare
Registering precompiled user dll's ...
Registered in 0.000965 seconds.
Begin MonoManager ReloadAssembly
Native extension for LinuxStandalone target not found
Refreshing native plugins compatible for Editor in 0.36 ms, found 0 plugins.
Preloading 0 native plugins for Editor in 0.00 ms.
Mono: successfully reloaded assembly
- Completed reload, in  0.964 seconds
Platform modules already initialized, skipping
Refreshing native plugins compatible for Editor in 0.22 ms, found 0 plugins.
Preloading 0 native plugins for Editor in 0.00 ms.
Unloading 1120 Unused Serialized files (Serialized files now loaded: 0)
System memory in use before: 53.7 MB.
System memory in use after: 53.8 MB.

Unloading 5 unused Assets to reduce memory usage. Loaded Objects now: 1695.
Total: 3.491211 ms (FindLiveObjects: 0.341301 ms CreateObjectMapping: 0.092964 ms MarkObjects: 2.992248 ms  DeleteObjects: 0.063348 ms)

========================================================================
Received Prepare
Registering precompiled user dll's ...
Registered in 0.000659 seconds.
Begin MonoManager ReloadAssembly
Native extension for LinuxStandalone target not found
Refreshing native plugins compatible for Editor in 0.27 ms, found 0 plugins.
Preloading 0 native plugins for Editor in 0.00 ms.
Mono: successfully reloaded assembly
- Completed reload, in  0.928 seconds
Platform modules already initialized, skipping
Refreshing native plugins compatible for Editor in 0.24 ms, found 0 plugins.
Preloading 0 native plugins for Editor in 0.00 ms.
Unloading 1120 Unused Serialized files (Serialized files now loaded: 0)
System memory in use before: 53.7 MB.
System memory in use after: 53.8 MB.

Unloading 5 unused Assets to reduce memory usage. Loaded Objects now: 1698.
Total: 3.726231 ms (FindLiveObjects: 0.232618 ms CreateObjectMapping: 0.069992 ms MarkObjects: 3.355979 ms  DeleteObjects: 0.065286 ms)

========================================================================
Received Import Request.
  Time since last request: 64.295373 seconds.
  path: Assets/Prefabs/dog.blend
  artifactKey: Guid(e2b305377e5594a5f85829089f21b0f7) Importer(815301076,1909f56bfc062723c751e8b465ee728b)
Start importing Assets/Prefabs/dog.blend using Guid(e2b305377e5594a5f85829089f21b0f7) Importer(815301076,1909f56bfc062723c751e8b465ee728b)  -> (artifact id: '8aad55a1b3875cc7d23cc177a69305a3') in 0.154213 seconds
  Import took 0.156595 seconds .

========================================================================
Received Prepare
Registering precompiled user dll's ...
Registered in 0.000712 seconds.
Begin MonoManager ReloadAssembly
Native extension for LinuxStandalone target not found
Refreshing native plugins compatible for Editor in 0.26 ms, found 0 plugins.
Preloading 0 native plugins for Editor in 0.00 ms.
Mono: successfully reloaded assembly
- Completed reload, in  0.916 seconds
Platform modules already initialized, skipping
Refreshing native plugins compatible for Editor in 0.22 ms, found 0 plugins.
Preloading 0 native plugins for Editor in 0.00 ms.
Unloading 1120 Unused Serialized files (Serialized files now loaded: 0)
System memory in use before: 53.7 MB.
System memory in use after: 53.8 MB.

Unloading 5 unused Assets to reduce memory usage. Loaded Objects now: 1702.
Total: 3.027129 ms (FindLiveObjects: 0.276189 ms CreateObjectMapping: 0.058627 ms MarkObjects: 2.627601 ms  DeleteObjects: 0.063019 ms)

========================================================================
Received Prepare
Registering precompiled user dll's ...
Registered in 0.000966 seconds.
Begin MonoManager ReloadAssembly
Native extension for LinuxStandalone target not found
Refreshing native plugins compatible for Editor in 0.23 ms, found 0 plugins.
Preloading 0 native plugins for Editor in 0.00 ms.
Mono: successfully reloaded assembly
- Completed reload, in  0.853 seconds
Platform modules already initialized, skipping
Refreshing native plugins compatible for Editor in 0.20 ms, found 0 plugins.
Preloading 0 native plugins for Editor in 0.00 ms.
Unloading 1120 Unused Serialized files (Serialized files now loaded: 0)
System memory in use before: 53.7 MB.
System memory in use after: 53.8 MB.

Unloading 5 unused Assets to reduce memory usage. Loaded Objects now: 1705.
Total: 2.611299 ms (FindLiveObjects: 0.203166 ms CreateObjectMapping: 0.039984 ms MarkObjects: 2.318522 ms  DeleteObjects: 0.048309 ms)

========================================================================
Received Import Request.
  Time since last request: 720.051393 seconds.
  path: Assets/Dogmovement.cs
  artifactKey: Guid(60e8e79a3eb8091858ab8b3bab377f24) Importer(815301076,1909f56bfc062723c751e8b465ee728b)
Start importing Assets/Dogmovement.cs using Guid(60e8e79a3eb8091858ab8b3bab377f24) Importer(815301076,1909f56bfc062723c751e8b465ee728b)  -> (artifact id: '97ef75ec23cfa94a200b933a32136fa3') in 0.002990 seconds
  Import took 0.005597 seconds .

========================================================================
Received Import Request.
  Time since last request: 0.003006 seconds.
  path: Assets/Dogmovement.cs
  artifactKey: Guid(60e8e79a3eb8091858ab8b3bab377f24) Importer(815301076,1909f56bfc062723c751e8b465ee728b)
Start importing Assets/Dogmovement.cs using Guid(60e8e79a3eb8091858ab8b3bab377f24) Importer(815301076,1909f56bfc062723c751e8b465ee728b)  -> (artifact id: '97ef75ec23cfa94a200b933a32136fa3') in 0.000724 seconds
  Import took 0.002744 seconds .

========================================================================
Received Prepare
Registering precompiled user dll's ...
Registered in 0.000710 seconds.
Begin MonoManager ReloadAssembly
Native extension for LinuxStandalone target not found
Refreshing native plugins compatible for Editor in 0.22 ms, found 0 plugins.
Preloading 0 native plugins for Editor in 0.00 ms.
Mono: successfully reloaded assembly
- Completed reload, in  0.883 seconds
Platform modules already initialized, skipping
Refreshing native plugins compatible for Editor in 0.24 ms, found 0 plugins.
Preloading 0 native plugins for Editor in 0.00 ms.
Unloading 1120 Unused Serialized files (Serialized files now loaded: 0)
System memory in use before: 53.7 MB.
System memory in use after: 53.8 MB.

Unloading 5 unused Assets to reduce memory usage. Loaded Objects now: 1708.
Total: 2.272241 ms (FindLiveObjects: 0.160840 ms CreateObjectMapping: 0.036869 ms MarkObjects: 2.025342 ms  DeleteObjects: 0.047875 ms)

========================================================================
Received Prepare
Registering precompiled user dll's ...
Registered in 0.000558 seconds.
Begin MonoManager ReloadAssembly
Native extension for LinuxStandalone target not found
Refreshing native plugins compatible for Editor in 0.26 ms, found 0 plugins.
Preloading 0 native plugins for Editor in 0.00 ms.
Mono: successfully reloaded assembly
- Completed reload, in  0.902 seconds
Platform modules already initialized, skipping
Refreshing native plugins compatible for Editor in 0.22 ms, found 0 plugins.
Preloading 0 native plugins for Editor in 0.00 ms.
Unloading 1120 Unused Serialized files (Serialized files now loaded: 0)
System memory in use before: 53.8 MB.
System memory in use after: 53.8 MB.

Unloading 5 unused Assets to reduce memory usage. Loaded Objects now: 1711.
Total: 2.745356 ms (FindLiveObjects: 0.320219 ms CreateObjectMapping: 0.096539 ms MarkObjects: 2.270266 ms  DeleteObjects: 0.057074 ms)

========================================================================
Received Prepare
Registering precompiled user dll's ...
Registered in 0.000613 seconds.
Begin MonoManager ReloadAssembly
Native extension for LinuxStandalone target not found
Refreshing native plugins compatible for Editor in 0.68 ms, found 0 plugins.
Preloading 0 native plugins for Editor in 0.00 ms.
Mono: successfully reloaded assembly
- Completed reload, in  1.485 seconds
Platform modules already initialized, skipping
Refreshing native plugins compatible for Editor in 0.28 ms, found 0 plugins.
Preloading 0 native plugins for Editor in 0.00 ms.
Unloading 1120 Unused Serialized files (Serialized files now loaded: 0)
System memory in use before: 53.8 MB.
System memory in use after: 53.8 MB.

Unloading 5 unused Assets to reduce memory usage. Loaded Objects now: 1714.
Total: 3.737745 ms (FindLiveObjects: 0.623029 ms CreateObjectMapping: 0.164003 ms MarkObjects: 2.852567 ms  DeleteObjects: 0.096035 ms)

========================================================================
Received Prepare
Registering precompiled user dll's ...
Registered in 0.000713 seconds.
Begin MonoManager ReloadAssembly
Native extension for LinuxStandalone target not found
Refreshing native plugins compatible for Editor in 0.24 ms, found 0 plugins.
Preloading 0 native plugins for Editor in 0.00 ms.
Mono: successfully reloaded assembly
- Completed reload, in  0.836 seconds
Platform modules already initialized, skipping
Refreshing native plugins compatible for Editor in 0.21 ms, found 0 plugins.
Preloading 0 native plugins for Editor in 0.00 ms.
Unloading 1120 Unused Serialized files (Serialized files now loaded: 0)
System memory in use before: 53.8 MB.
System memory in use after: 53.8 MB.

Unloading 5 unused Assets to reduce memory usage. Loaded Objects now: 1717.
Total: 2.377639 ms (FindLiveObjects: 0.159377 ms CreateObjectMapping: 0.042893 ms MarkObjects: 2.122995 ms  DeleteObjects: 0.051118 ms)

========================================================================
Received Prepare
Registering precompiled user dll's ...
Registered in 0.000733 seconds.
Begin MonoManager ReloadAssembly
Native extension for LinuxStandalone target not found
Refreshing native plugins compatible for Editor in 0.26 ms, found 0 plugins.
Preloading 0 native plugins for Editor in 0.00 ms.
Mono: successfully reloaded assembly
- Completed reload, in  0.869 seconds
Platform modules already initialized, skipping
Refreshing native plugins compatible for Editor in 0.22 ms, found 0 plugins.
Preloading 0 native plugins for Editor in 0.00 ms.
Unloading 1120 Unused Serialized files (Serialized files now loaded: 0)
System memory in use before: 53.8 MB.
System memory in use after: 53.8 MB.

Unloading 5 unused Assets to reduce memory usage. Loaded Objects now: 1720.
Total: 2.366229 ms (FindLiveObjects: 0.165032 ms CreateObjectMapping: 0.047207 ms MarkObjects: 2.101636 ms  DeleteObjects: 0.050717 ms)

========================================================================
Received Prepare
Registering precompiled user dll's ...
Registered in 0.000699 seconds.
Begin MonoManager ReloadAssembly
Native extension for LinuxStandalone target not found
Refreshing native plugins compatible for Editor in 0.29 ms, found 0 plugins.
Preloading 0 native plugins for Editor in 0.00 ms.
Mono: successfully reloaded assembly
- Completed reload, in  1.507 seconds
Platform modules already initialized, skipping
Refreshing native plugins compatible for Editor in 0.25 ms, found 0 plugins.
Preloading 0 native plugins for Editor in 0.00 ms.
Unloading 1120 Unused Serialized files (Serialized files now loaded: 0)
System memory in use before: 53.8 MB.
System memory in use after: 53.8 MB.

Unloading 5 unused Assets to reduce memory usage. Loaded Objects now: 1723.
Total: 4.335799 ms (FindLiveObjects: 0.303505 ms CreateObjectMapping: 0.071274 ms MarkObjects: 3.866111 ms  DeleteObjects: 0.092159 ms)

========================================================================
Received Prepare
Registering precompiled user dll's ...
Registered in 0.000734 seconds.
Begin MonoManager ReloadAssembly
Native extension for LinuxStandalone target not found
Refreshing native plugins compatible for Editor in 0.24 ms, found 0 plugins.
Preloading 0 native plugins for Editor in 0.00 ms.
Mono: successfully reloaded assembly
- Completed reload, in  0.873 seconds
Platform modules already initialized, skipping
Refreshing native plugins compatible for Editor in 0.23 ms, found 0 plugins.
Preloading 0 native plugins for Editor in 0.00 ms.
Unloading 1120 Unused Serialized files (Serialized files now loaded: 0)
System memory in use before: 53.8 MB.
System memory in use after: 53.8 MB.

Unloading 5 unused Assets to reduce memory usage. Loaded Objects now: 1726.
Total: 2.625721 ms (FindLiveObjects: 0.325826 ms CreateObjectMapping: 0.061408 ms MarkObjects: 2.181552 ms  DeleteObjects: 0.054998 ms)

========================================================================
Received Prepare
Registering precompiled user dll's ...
Registered in 0.000859 seconds.
Begin MonoManager ReloadAssembly
Native extension for LinuxStandalone target not found
Refreshing native plugins compatible for Editor in 0.21 ms, found 0 plugins.
Preloading 0 native plugins for Editor in 0.00 ms.
Mono: successfully reloaded assembly
- Completed reload, in  0.935 seconds
Platform modules already initialized, skipping
Refreshing native plugins compatible for Editor in 0.37 ms, found 0 plugins.
Preloading 0 native plugins for Editor in 0.00 ms.
Unloading 1120 Unused Serialized files (Serialized files now loaded: 0)
System memory in use before: 53.8 MB.
System memory in use after: 53.8 MB.

Unloading 5 unused Assets to reduce memory usage. Loaded Objects now: 1729.
Total: 4.938795 ms (FindLiveObjects: 0.339902 ms CreateObjectMapping: 0.075614 ms MarkObjects: 4.430370 ms  DeleteObjects: 0.090201 ms)

========================================================================
Received Prepare
Registering precompiled user dll's ...
Registered in 0.000563 seconds.
Begin MonoManager ReloadAssembly
Native extension for LinuxStandalone target not found
Refreshing native plugins compatible for Editor in 0.23 ms, found 0 plugins.
Preloading 0 native plugins for Editor in 0.00 ms.
Mono: successfully reloaded assembly
- Completed reload, in  0.849 seconds
Platform modules already initialized, skipping
Refreshing native plugins compatible for Editor in 0.24 ms, found 0 plugins.
Preloading 0 native plugins for Editor in 0.00 ms.
Unloading 1120 Unused Serialized files (Serialized files now loaded: 0)
System memory in use before: 53.8 MB.
System memory in use after: 53.9 MB.

Unloading 5 unused Assets to reduce memory usage. Loaded Objects now: 1732.
Total: 2.886368 ms (FindLiveObjects: 0.325050 ms CreateObjectMapping: 0.079710 ms MarkObjects: 2.428128 ms  DeleteObjects: 0.051897 ms)

========================================================================
Received Prepare
Registering precompiled user dll's ...
Registered in 0.000935 seconds.
Begin MonoManager ReloadAssembly
Native extension for LinuxStandalone target not found
Refreshing native plugins compatible for Editor in 0.24 ms, found 0 plugins.
Preloading 0 native plugins for Editor in 0.00 ms.
Mono: successfully reloaded assembly
- Completed reload, in  0.879 seconds
Platform modules already initialized, skipping
Refreshing native plugins compatible for Editor in 0.27 ms, found 0 plugins.
Preloading 0 native plugins for Editor in 0.00 ms.
Unloading 1120 Unused Serialized files (Serialized files now loaded: 0)
System memory in use before: 53.8 MB.
System memory in use after: 53.9 MB.

Unloading 5 unused Assets to reduce memory usage. Loaded Objects now: 1735.
Total: 2.637643 ms (FindLiveObjects: 0.191521 ms CreateObjectMapping: 0.046603 ms MarkObjects: 2.342941 ms  DeleteObjects: 0.055036 ms)

========================================================================
Received Prepare
Registering precompiled user dll's ...
Registered in 0.000645 seconds.
Begin MonoManager ReloadAssembly
Native extension for LinuxStandalone target not found
Refreshing native plugins compatible for Editor in 0.37 ms, found 0 plugins.
Preloading 0 native plugins for Editor in 0.00 ms.
Mono: successfully reloaded assembly
- Completed reload, in  0.954 seconds
Platform modules already initialized, skipping
Refreshing native plugins compatible for Editor in 0.35 ms, found 0 plugins.
Preloading 0 native plugins for Editor in 0.00 ms.
Unloading 1120 Unused Serialized files (Serialized files now loaded: 0)
System memory in use before: 53.8 MB.
System memory in use after: 53.9 MB.

Unloading 5 unused Assets to reduce memory usage. Loaded Objects now: 1738.
Total: 2.626367 ms (FindLiveObjects: 0.211550 ms CreateObjectMapping: 0.058593 ms MarkObjects: 2.303853 ms  DeleteObjects: 0.050734 ms)

========================================================================
Received Prepare
Registering precompiled user dll's ...
Registered in 0.000719 seconds.
Begin MonoManager ReloadAssembly
Native extension for LinuxStandalone target not found
Refreshing native plugins compatible for Editor in 0.23 ms, found 0 plugins.
Preloading 0 native plugins for Editor in 0.00 ms.
Mono: successfully reloaded assembly
- Completed reload, in  0.864 seconds
Platform modules already initialized, skipping
Refreshing native plugins compatible for Editor in 0.21 ms, found 0 plugins.
Preloading 0 native plugins for Editor in 0.00 ms.
Unloading 1120 Unused Serialized files (Serialized files now loaded: 0)
System memory in use before: 53.8 MB.
System memory in use after: 53.9 MB.

Unloading 5 unused Assets to reduce memory usage. Loaded Objects now: 1741.
Total: 2.507735 ms (FindLiveObjects: 0.226227 ms CreateObjectMapping: 0.054601 ms MarkObjects: 2.173714 ms  DeleteObjects: 0.051724 ms)

========================================================================
Received Prepare
Registering precompiled user dll's ...
Registered in 0.000768 seconds.
Begin MonoManager ReloadAssembly
Native extension for LinuxStandalone target not found
Refreshing native plugins compatible for Editor in 0.21 ms, found 0 plugins.
Preloading 0 native plugins for Editor in 0.00 ms.
Mono: successfully reloaded assembly
- Completed reload, in  0.923 seconds
Platform modules already initialized, skipping
Refreshing native plugins compatible for Editor in 0.30 ms, found 0 plugins.
Preloading 0 native plugins for Editor in 0.00 ms.
Unloading 1120 Unused Serialized files (Serialized files now loaded: 0)
System memory in use before: 53.8 MB.
System memory in use after: 53.9 MB.

Unloading 5 unused Assets to reduce memory usage. Loaded Objects now: 1744.
Total: 2.436331 ms (FindLiveObjects: 0.211367 ms CreateObjectMapping: 0.049749 ms MarkObjects: 2.102242 ms  DeleteObjects: 0.071637 ms)

========================================================================
Received Prepare
Registering precompiled user dll's ...
Registered in 0.000610 seconds.
Begin MonoManager ReloadAssembly
Native extension for LinuxStandalone target not found
Refreshing native plugins compatible for Editor in 0.36 ms, found 0 plugins.
Preloading 0 native plugins for Editor in 0.00 ms.
Mono: successfully reloaded assembly
- Completed reload, in  0.857 seconds
Platform modules already initialized, skipping
Refreshing native plugins compatible for Editor in 0.23 ms, found 0 plugins.
Preloading 0 native plugins for Editor in 0.00 ms.
Unloading 1120 Unused Serialized files (Serialized files now loaded: 0)
System memory in use before: 53.8 MB.
System memory in use after: 53.9 MB.

Unloading 5 unused Assets to reduce memory usage. Loaded Objects now: 1747.
Total: 2.642808 ms (FindLiveObjects: 0.289596 ms CreateObjectMapping: 0.075652 ms MarkObjects: 2.223172 ms  DeleteObjects: 0.052883 ms)

========================================================================
Received Prepare
Registering precompiled user dll's ...
Registered in 0.000774 seconds.
Begin MonoManager ReloadAssembly
Native extension for LinuxStandalone target not found
Refreshing native plugins compatible for Editor in 0.22 ms, found 0 plugins.
Preloading 0 native plugins for Editor in 0.00 ms.
Mono: successfully reloaded assembly
- Completed reload, in  0.958 seconds
Platform modules already initialized, skipping
Refreshing native plugins compatible for Editor in 0.97 ms, found 0 plugins.
Preloading 0 native plugins for Editor in 0.00 ms.
Unloading 1120 Unused Serialized files (Serialized files now loaded: 0)
System memory in use before: 53.8 MB.
System memory in use after: 53.9 MB.

Unloading 5 unused Assets to reduce memory usage. Loaded Objects now: 1750.
Total: 3.244288 ms (FindLiveObjects: 0.250217 ms CreateObjectMapping: 0.063089 ms MarkObjects: 2.869490 ms  DeleteObjects: 0.059945 ms)

========================================================================
Received Prepare
Registering precompiled user dll's ...
Registered in 0.001065 seconds.
Begin MonoManager ReloadAssembly
Native extension for LinuxStandalone target not found
Refreshing native plugins compatible for Editor in 0.22 ms, found 0 plugins.
Preloading 0 native plugins for Editor in 0.00 ms.
Mono: successfully reloaded assembly
- Completed reload, in  0.873 seconds
Platform modules already initialized, skipping
Refreshing native plugins compatible for Editor in 0.21 ms, found 0 plugins.
Preloading 0 native plugins for Editor in 0.00 ms.
Unloading 1120 Unused Serialized files (Serialized files now loaded: 0)
System memory in use before: 53.8 MB.
System memory in use after: 53.9 MB.

Unloading 5 unused Assets to reduce memory usage. Loaded Objects now: 1753.
Total: 2.488009 ms (FindLiveObjects: 0.189047 ms CreateObjectMapping: 0.041114 ms MarkObjects: 2.209475 ms  DeleteObjects: 0.047091 ms)

========================================================================
Received Prepare
Registering precompiled user dll's ...
Registered in 0.000637 seconds.
Begin MonoManager ReloadAssembly
Native extension for LinuxStandalone target not found
Refreshing native plugins compatible for Editor in 0.23 ms, found 0 plugins.
Preloading 0 native plugins for Editor in 0.00 ms.
Mono: successfully reloaded assembly
- Completed reload, in  0.963 seconds
Platform modules already initialized, skipping
Refreshing native plugins compatible for Editor in 0.49 ms, found 0 plugins.
Preloading 0 native plugins for Editor in 0.00 ms.
Unloading 1120 Unused Serialized files (Serialized files now loaded: 0)
System memory in use before: 53.8 MB.
System memory in use after: 53.9 MB.

Unloading 5 unused Assets to reduce memory usage. Loaded Objects now: 1756.
Total: 2.847802 ms (FindLiveObjects: 0.200822 ms CreateObjectMapping: 0.043664 ms MarkObjects: 2.552192 ms  DeleteObjects: 0.049656 ms)

========================================================================
Received Prepare
Registering precompiled user dll's ...
Registered in 0.000915 seconds.
Begin MonoManager ReloadAssembly
Native extension for LinuxStandalone target not found
Refreshing native plugins compatible for Editor in 0.25 ms, found 0 plugins.
Preloading 0 native plugins for Editor in 0.00 ms.
Mono: successfully reloaded assembly
- Completed reload, in  1.036 seconds
Platform modules already initialized, skipping
Refreshing native plugins compatible for Editor in 0.20 ms, found 0 plugins.
Preloading 0 native plugins for Editor in 0.00 ms.
Unloading 1120 Unused Serialized files (Serialized files now loaded: 0)
System memory in use before: 53.8 MB.
System memory in use after: 53.9 MB.

Unloading 5 unused Assets to reduce memory usage. Loaded Objects now: 1759.
Total: 2.395735 ms (FindLiveObjects: 0.188380 ms CreateObjectMapping: 0.041384 ms MarkObjects: 2.115660 ms  DeleteObjects: 0.049210 ms)

========================================================================
Received Prepare
Registering precompiled user dll's ...
Registered in 0.000566 seconds.
Begin MonoManager ReloadAssembly
Native extension for LinuxStandalone target not found
Refreshing native plugins compatible for Editor in 0.21 ms, found 0 plugins.
Preloading 0 native plugins for Editor in 0.00 ms.
Mono: successfully reloaded assembly
- Completed reload, in  0.869 seconds
Platform modules already initialized, skipping
Refreshing native plugins compatible for Editor in 0.23 ms, found 0 plugins.
Preloading 0 native plugins for Editor in 0.00 ms.
Unloading 1120 Unused Serialized files (Serialized files now loaded: 0)
System memory in use before: 53.8 MB.
System memory in use after: 53.9 MB.

Unloading 5 unused Assets to reduce memory usage. Loaded Objects now: 1762.
Total: 2.547061 ms (FindLiveObjects: 0.190319 ms CreateObjectMapping: 0.050884 ms MarkObjects: 2.255357 ms  DeleteObjects: 0.049193 ms)

========================================================================
Received Prepare
Registering precompiled user dll's ...
Registered in 0.000549 seconds.
Begin MonoManager ReloadAssembly
Native extension for LinuxStandalone target not found
Refreshing native plugins compatible for Editor in 0.24 ms, found 0 plugins.
Preloading 0 native plugins for Editor in 0.00 ms.
Mono: successfully reloaded assembly
- Completed reload, in  1.018 seconds
Platform modules already initialized, skipping
Refreshing native plugins compatible for Editor in 0.34 ms, found 0 plugins.
Preloading 0 native plugins for Editor in 0.00 ms.
Unloading 1120 Unused Serialized files (Serialized files now loaded: 0)
System memory in use before: 53.8 MB.
System memory in use after: 53.9 MB.

Unloading 5 unused Assets to reduce memory usage. Loaded Objects now: 1765.
Total: 2.713916 ms (FindLiveObjects: 0.175079 ms CreateObjectMapping: 0.064879 ms MarkObjects: 2.420384 ms  DeleteObjects: 0.052175 ms)

========================================================================
Received Prepare
Registering precompiled user dll's ...
Registered in 0.000507 seconds.
Begin MonoManager ReloadAssembly
Native extension for LinuxStandalone target not found
Refreshing native plugins compatible for Editor in 0.21 ms, found 0 plugins.
Preloading 0 native plugins for Editor in 0.00 ms.
Mono: successfully reloaded assembly
- Completed reload, in  0.863 seconds
Platform modules already initialized, skipping
Refreshing native plugins compatible for Editor in 0.23 ms, found 0 plugins.
Preloading 0 native plugins for Editor in 0.00 ms.
Unloading 1120 Unused Serialized files (Serialized files now loaded: 0)
System memory in use before: 53.8 MB.
System memory in use after: 53.9 MB.

Unloading 5 unused Assets to reduce memory usage. Loaded Objects now: 1768.
Total: 2.574858 ms (FindLiveObjects: 0.215845 ms CreateObjectMapping: 0.063466 ms MarkObjects: 2.244105 ms  DeleteObjects: 0.050229 ms)

========================================================================
Received Prepare
Registering precompiled user dll's ...
Registered in 0.000946 seconds.
Begin MonoManager ReloadAssembly
Native extension for LinuxStandalone target not found
Refreshing native plugins compatible for Editor in 0.23 ms, found 0 plugins.
Preloading 0 native plugins for Editor in 0.00 ms.
Mono: successfully reloaded assembly
- Completed reload, in  1.019 seconds
Platform modules already initialized, skipping
Refreshing native plugins compatible for Editor in 0.20 ms, found 0 plugins.
Preloading 0 native plugins for Editor in 0.00 ms.
Unloading 1120 Unused Serialized files (Serialized files now loaded: 0)
System memory in use before: 53.8 MB.
System memory in use after: 53.9 MB.

Unloading 5 unused Assets to reduce memory usage. Loaded Objects now: 1771.
Total: 2.594776 ms (FindLiveObjects: 0.192566 ms CreateObjectMapping: 0.039125 ms MarkObjects: 2.310470 ms  DeleteObjects: 0.051056 ms)

========================================================================
Received Prepare
Registering precompiled user dll's ...
Registered in 0.000578 seconds.
Begin MonoManager ReloadAssembly
Native extension for LinuxStandalone target not found
Refreshing native plugins compatible for Editor in 0.23 ms, found 0 plugins.
Preloading 0 native plugins for Editor in 0.00 ms.
Mono: successfully reloaded assembly
- Completed reload, in  0.846 seconds
Platform modules already initialized, skipping
Refreshing native plugins compatible for Editor in 0.21 ms, found 0 plugins.
Preloading 0 native plugins for Editor in 0.00 ms.
Unloading 1120 Unused Serialized files (Serialized files now loaded: 0)
System memory in use before: 53.8 MB.
System memory in use after: 53.9 MB.

Unloading 5 unused Assets to reduce memory usage. Loaded Objects now: 1774.
Total: 2.395792 ms (FindLiveObjects: 0.195174 ms CreateObjectMapping: 0.046001 ms MarkObjects: 2.101815 ms  DeleteObjects: 0.051741 ms)

========================================================================
Received Prepare
Registering precompiled user dll's ...
Registered in 0.000470 seconds.
Begin MonoManager ReloadAssembly
Native extension for LinuxStandalone target not found
Refreshing native plugins compatible for Editor in 0.23 ms, found 0 plugins.
Preloading 0 native plugins for Editor in 0.00 ms.
Mono: successfully reloaded assembly
- Completed reload, in  0.853 seconds
Platform modules already initialized, skipping
Refreshing native plugins compatible for Editor in 0.22 ms, found 0 plugins.
Preloading 0 native plugins for Editor in 0.00 ms.
Unloading 1120 Unused Serialized files (Serialized files now loaded: 0)
System memory in use before: 53.8 MB.
System memory in use after: 53.9 MB.

Unloading 5 unused Assets to reduce memory usage. Loaded Objects now: 1777.
Total: 2.661263 ms (FindLiveObjects: 0.242136 ms CreateObjectMapping: 0.051959 ms MarkObjects: 2.315567 ms  DeleteObjects: 0.050422 ms)

========================================================================
Received Prepare
Registering precompiled user dll's ...
Registered in 0.000635 seconds.
Begin MonoManager ReloadAssembly
Native extension for LinuxStandalone target not found
Refreshing native plugins compatible for Editor in 0.25 ms, found 0 plugins.
Preloading 0 native plugins for Editor in 0.00 ms.
Mono: successfully reloaded assembly
- Completed reload, in  0.956 seconds
Platform modules already initialized, skipping
Refreshing native plugins compatible for Editor in 0.23 ms, found 0 plugins.
Preloading 0 native plugins for Editor in 0.00 ms.
Unloading 1120 Unused Serialized files (Serialized files now loaded: 0)
System memory in use before: 53.9 MB.
System memory in use after: 53.9 MB.

Unloading 5 unused Assets to reduce memory usage. Loaded Objects now: 1780.
Total: 2.931224 ms (FindLiveObjects: 0.198298 ms CreateObjectMapping: 0.053322 ms MarkObjects: 2.586476 ms  DeleteObjects: 0.091387 ms)

AssetImportWorkerClient::OnTransportError - code=2 error=End of file
